ERROR - 2022-06-25 08:07:19 --> You have an error in your SQL syntax; check the manual that corresponds to your MySQL server version for the right syntax to use near ') ORDER BY id_laporan DESC' at line 1
CRITICAL - 2022-06-25 08:07:19 --> You have an error in your SQL syntax; check the manual that corresponds to your MySQL server version for the right syntax to use near ') ORDER BY id_laporan DESC' at line 1
#0 C:\laragon\www\skripsi\vendor\codeigniter4\framework\system\Database\MySQLi\Connection.php(280): mysqli->query('SELECT * FROM t...')
#1 C:\laragon\www\skripsi\vendor\codeigniter4\framework\system\Database\BaseConnection.php(663): CodeIgniter\Database\MySQLi\Connection->execute('SELECT * FROM t...')
#2 C:\laragon\www\skripsi\vendor\codeigniter4\framework\system\Database\BaseConnection.php(591): CodeIgniter\Database\BaseConnection->simpleQuery('SELECT * FROM t...')
#3 C:\laragon\www\skripsi\app\Controllers\Personil\Laporan.php(256): CodeIgniter\Database\BaseConnection->query('SELECT * FROM t...')
#4 C:\laragon\www\skripsi\vendor\codeigniter4\framework\system\CodeIgniter.php(802): App\Controllers\Personil\Laporan->getHistoryTindakan()
#5 C:\laragon\www\skripsi\vendor\codeigniter4\framework\system\CodeIgniter.php(399): CodeIgniter\CodeIgniter->runController(Object(App\Controllers\Personil\Laporan))
#6 C:\laragon\www\skripsi\vendor\codeigniter4\framework\system\CodeIgniter.php(317): CodeIgniter\CodeIgniter->handleRequest(NULL, Object(Config\Cache), false)
#7 C:\laragon\www\skripsi\public\index.php(38): CodeIgniter\CodeIgniter->run()
#8 C:\laragon\www\skripsi\vendor\codeigniter4\framework\system\Commands\Server\rewrite.php(43): require_once('C:\\laragon\\www\\...')
#9 {main}
ERROR - 2022-06-25 08:07:46 --> Table 'pelaporan_kecelakaan.tb_tindakan_personel' doesn't exist
CRITICAL - 2022-06-25 08:07:46 --> Table 'pelaporan_kecelakaan.tb_tindakan_personel' doesn't exist
#0 C:\laragon\www\skripsi\vendor\codeigniter4\framework\system\Database\MySQLi\Connection.php(280): mysqli->query('SELECT * FROM t...')
#1 C:\laragon\www\skripsi\vendor\codeigniter4\framework\system\Database\BaseConnection.php(663): CodeIgniter\Database\MySQLi\Connection->execute('SELECT * FROM t...')
#2 C:\laragon\www\skripsi\vendor\codeigniter4\framework\system\Database\BaseConnection.php(591): CodeIgniter\Database\BaseConnection->simpleQuery('SELECT * FROM t...')
#3 C:\laragon\www\skripsi\app\Controllers\Personil\Laporan.php(256): CodeIgniter\Database\BaseConnection->query('SELECT * FROM t...')
#4 C:\laragon\www\skripsi\vendor\codeigniter4\framework\system\CodeIgniter.php(802): App\Controllers\Personil\Laporan->getHistoryTindakan()
#5 C:\laragon\www\skripsi\vendor\codeigniter4\framework\system\CodeIgniter.php(399): CodeIgniter\CodeIgniter->runController(Object(App\Controllers\Personil\Laporan))
#6 C:\laragon\www\skripsi\vendor\codeigniter4\framework\system\CodeIgniter.php(317): CodeIgniter\CodeIgniter->handleRequest(NULL, Object(Config\Cache), false)
#7 C:\laragon\www\skripsi\public\index.php(38): CodeIgniter\CodeIgniter->run()
#8 C:\laragon\www\skripsi\vendor\codeigniter4\framework\system\Commands\Server\rewrite.php(43): require_once('C:\\laragon\\www\\...')
#9 {main}
CRITICAL - 2022-06-25 08:08:02 --> Undefined variable: data_laporan
#0 C:\laragon\www\skripsi\app\Controllers\Personil\Laporan.php(259): CodeIgniter\Debug\Exceptions->errorHandler(8, 'Undefined varia...', 'C:\\laragon\\www\\...', 259, Array)
#1 C:\laragon\www\skripsi\vendor\codeigniter4\framework\system\CodeIgniter.php(802): App\Controllers\Personil\Laporan->getHistoryTindakan()
#2 C:\laragon\www\skripsi\vendor\codeigniter4\framework\system\CodeIgniter.php(399): CodeIgniter\CodeIgniter->runController(Object(App\Controllers\Personil\Laporan))
#3 C:\laragon\www\skripsi\vendor\codeigniter4\framework\system\CodeIgniter.php(317): CodeIgniter\CodeIgniter->handleRequest(NULL, Object(Config\Cache), false)
#4 C:\laragon\www\skripsi\public\index.php(38): CodeIgniter\CodeIgniter->run()
#5 C:\laragon\www\skripsi\vendor\codeigniter4\framework\system\Commands\Server\rewrite.php(43): require_once('C:\\laragon\\www\\...')
#6 {main}
ERROR - 2022-06-25 08:09:56 --> Table 'pelaporan_kecelakaan.tb_tindakan_personel' doesn't exist
CRITICAL - 2022-06-25 08:09:56 --> Table 'pelaporan_kecelakaan.tb_tindakan_personel' doesn't exist
#0 C:\laragon\www\skripsi\vendor\codeigniter4\framework\system\Database\MySQLi\Connection.php(280): mysqli->query('SELECT * FROM t...')
#1 C:\laragon\www\skripsi\vendor\codeigniter4\framework\system\Database\BaseConnection.php(663): CodeIgniter\Database\MySQLi\Connection->execute('SELECT * FROM t...')
#2 C:\laragon\www\skripsi\vendor\codeigniter4\framework\system\Database\BaseConnection.php(591): CodeIgniter\Database\BaseConnection->simpleQuery('SELECT * FROM t...')
#3 C:\laragon\www\skripsi\app\Controllers\Personil\Laporan.php(258): CodeIgniter\Database\BaseConnection->query('SELECT * FROM t...')
#4 C:\laragon\www\skripsi\vendor\codeigniter4\framework\system\CodeIgniter.php(802): App\Controllers\Personil\Laporan->getHistoryTindakan()
#5 C:\laragon\www\skripsi\vendor\codeigniter4\framework\system\CodeIgniter.php(399): CodeIgniter\CodeIgniter->runController(Object(App\Controllers\Personil\Laporan))
#6 C:\laragon\www\skripsi\vendor\codeigniter4\framework\system\CodeIgniter.php(317): CodeIgniter\CodeIgniter->handleRequest(NULL, Object(Config\Cache), false)
#7 C:\laragon\www\skripsi\public\index.php(38): CodeIgniter\CodeIgniter->run()
#8 C:\laragon\www\skripsi\vendor\codeigniter4\framework\system\Commands\Server\rewrite.php(43): require_once('C:\\laragon\\www\\...')
#9 {main}
ERROR - 2022-06-25 08:10:00 --> Table 'pelaporan_kecelakaan.tb_tindakan_personel' doesn't exist
CRITICAL - 2022-06-25 08:10:00 --> Table 'pelaporan_kecelakaan.tb_tindakan_personel' doesn't exist
#0 C:\laragon\www\skripsi\vendor\codeigniter4\framework\system\Database\MySQLi\Connection.php(280): mysqli->query('SELECT * FROM t...')
#1 C:\laragon\www\skripsi\vendor\codeigniter4\framework\system\Database\BaseConnection.php(663): CodeIgniter\Database\MySQLi\Connection->execute('SELECT * FROM t...')
#2 C:\laragon\www\skripsi\vendor\codeigniter4\framework\system\Database\BaseConnection.php(591): CodeIgniter\Database\BaseConnection->simpleQuery('SELECT * FROM t...')
#3 C:\laragon\www\skripsi\app\Controllers\Personil\Laporan.php(258): CodeIgniter\Database\BaseConnection->query('SELECT * FROM t...')
#4 C:\laragon\www\skripsi\vendor\codeigniter4\framework\system\CodeIgniter.php(802): App\Controllers\Personil\Laporan->getHistoryTindakan()
#5 C:\laragon\www\skripsi\vendor\codeigniter4\framework\system\CodeIgniter.php(399): CodeIgniter\CodeIgniter->runController(Object(App\Controllers\Personil\Laporan))
#6 C:\laragon\www\skripsi\vendor\codeigniter4\framework\system\CodeIgniter.php(317): CodeIgniter\CodeIgniter->handleRequest(NULL, Object(Config\Cache), false)
#7 C:\laragon\www\skripsi\public\index.php(38): CodeIgniter\CodeIgniter->run()
#8 C:\laragon\www\skripsi\vendor\codeigniter4\framework\system\Commands\Server\rewrite.php(43): require_once('C:\\laragon\\www\\...')
#9 {main}
ERROR - 2022-06-25 08:10:19 --> Table 'pelaporan_kecelakaan.tb_tindakan_personel' doesn't exist
CRITICAL - 2022-06-25 08:10:19 --> Table 'pelaporan_kecelakaan.tb_tindakan_personel' doesn't exist
#0 C:\laragon\www\skripsi\vendor\codeigniter4\framework\system\Database\MySQLi\Connection.php(280): mysqli->query('SELECT * FROM t...')
#1 C:\laragon\www\skripsi\vendor\codeigniter4\framework\system\Database\BaseConnection.php(663): CodeIgniter\Database\MySQLi\Connection->execute('SELECT * FROM t...')
#2 C:\laragon\www\skripsi\vendor\codeigniter4\framework\system\Database\BaseConnection.php(591): CodeIgniter\Database\BaseConnection->simpleQuery('SELECT * FROM t...')
#3 C:\laragon\www\skripsi\app\Controllers\Personil\Laporan.php(259): CodeIgniter\Database\BaseConnection->query('SELECT * FROM t...')
#4 C:\laragon\www\skripsi\vendor\codeigniter4\framework\system\CodeIgniter.php(802): App\Controllers\Personil\Laporan->getHistoryTindakan()
#5 C:\laragon\www\skripsi\vendor\codeigniter4\framework\system\CodeIgniter.php(399): CodeIgniter\CodeIgniter->runController(Object(App\Controllers\Personil\Laporan))
#6 C:\laragon\www\skripsi\vendor\codeigniter4\framework\system\CodeIgniter.php(317): CodeIgniter\CodeIgniter->handleRequest(NULL, Object(Config\Cache), false)
#7 C:\laragon\www\skripsi\public\index.php(38): CodeIgniter\CodeIgniter->run()
#8 C:\laragon\www\skripsi\vendor\codeigniter4\framework\system\Commands\Server\rewrite.php(43): require_once('C:\\laragon\\www\\...')
#9 {main}
ERROR - 2022-06-25 08:10:26 --> Table 'pelaporan_kecelakaan.tb_tindakan_personel' doesn't exist
CRITICAL - 2022-06-25 08:10:26 --> Table 'pelaporan_kecelakaan.tb_tindakan_personel' doesn't exist
#0 C:\laragon\www\skripsi\vendor\codeigniter4\framework\system\Database\MySQLi\Connection.php(280): mysqli->query('SELECT * FROM t...')
#1 C:\laragon\www\skripsi\vendor\codeigniter4\framework\system\Database\BaseConnection.php(663): CodeIgniter\Database\MySQLi\Connection->execute('SELECT * FROM t...')
#2 C:\laragon\www\skripsi\vendor\codeigniter4\framework\system\Database\BaseConnection.php(591): CodeIgniter\Database\BaseConnection->simpleQuery('SELECT * FROM t...')
#3 C:\laragon\www\skripsi\app\Controllers\Personil\Laporan.php(259): CodeIgniter\Database\BaseConnection->query('SELECT * FROM t...')
#4 C:\laragon\www\skripsi\vendor\codeigniter4\framework\system\CodeIgniter.php(802): App\Controllers\Personil\Laporan->getHistoryTindakan()
#5 C:\laragon\www\skripsi\vendor\codeigniter4\framework\system\CodeIgniter.php(399): CodeIgniter\CodeIgniter->runController(Object(App\Controllers\Personil\Laporan))
#6 C:\laragon\www\skripsi\vendor\codeigniter4\framework\system\CodeIgniter.php(317): CodeIgniter\CodeIgniter->handleRequest(NULL, Object(Config\Cache), false)
#7 C:\laragon\www\skripsi\public\index.php(38): CodeIgniter\CodeIgniter->run()
#8 C:\laragon\www\skripsi\vendor\codeigniter4\framework\system\Commands\Server\rewrite.php(43): require_once('C:\\laragon\\www\\...')
#9 {main}
CRITICAL - 2022-06-25 08:20:08 --> file_get_contents(http://localhost:9090/notif-keys/public_key.txt): failed to open stream: HTTP request failed!
#0 [internal function]: CodeIgniter\Debug\Exceptions->errorHandler(2, 'file_get_conten...', 'C:\\laragon\\www\\...', 151, Array)
#1 C:\laragon\www\skripsi\app\Controllers\Home.php(151): file_get_contents('http://localhos...')
#2 C:\laragon\www\skripsi\vendor\codeigniter4\framework\system\CodeIgniter.php(802): App\Controllers\Home->send_push_notif()
#3 C:\laragon\www\skripsi\vendor\codeigniter4\framework\system\CodeIgniter.php(399): CodeIgniter\CodeIgniter->runController(Object(App\Controllers\Home))
#4 C:\laragon\www\skripsi\vendor\codeigniter4\framework\system\CodeIgniter.php(317): CodeIgniter\CodeIgniter->handleRequest(NULL, Object(Config\Cache), false)
#5 C:\laragon\www\skripsi\public\index.php(38): CodeIgniter\CodeIgniter->run()
#6 C:\laragon\www\skripsi\vendor\codeigniter4\framework\system\Commands\Server\rewrite.php(43): require_once('C:\\laragon\\www\\...')
#7 {main}
