CRITICAL - 2022-03-20 20:02:07 --> file_get_contents(): SSL: An existing connection was forcibly closed by the remote host.

#0 [internal function]: CodeIgniter\Debug\Exceptions->errorHandler(2, 'file_get_conten...', 'C:\\laragon\\www\\...', 86, Array)
#1 C:\laragon\www\skripsi\app\Controllers\Home.php(86): file_get_contents('https://maps.go...')
#2 C:\laragon\www\skripsi\app\Views\pelapor\laporan\views.php(267): App\Controllers\Home->getAddress('-0.0483491', '109.3580817')
#3 C:\laragon\www\skripsi\vendor\codeigniter4\framework\system\View\View.php(214): include('C:\\laragon\\www\\...')
#4 C:\laragon\www\skripsi\vendor\codeigniter4\framework\system\View\View.php(217): CodeIgniter\View\View->CodeIgniter\View\{closure}()
#5 C:\laragon\www\skripsi\vendor\codeigniter4\framework\system\Common.php(1092): CodeIgniter\View\View->render('pelapor/laporan...', Array, true)
#6 C:\laragon\www\skripsi\app\Controllers\Pelapor\Laporan.php(80): view('pelapor/laporan...', Array)
#7 C:\laragon\www\skripsi\vendor\codeigniter4\framework\system\CodeIgniter.php(802): App\Controllers\Pelapor\Laporan->index()
#8 C:\laragon\www\skripsi\vendor\codeigniter4\framework\system\CodeIgniter.php(399): CodeIgniter\CodeIgniter->runController(Object(App\Controllers\Pelapor\Laporan))
#9 C:\laragon\www\skripsi\vendor\codeigniter4\framework\system\CodeIgniter.php(317): CodeIgniter\CodeIgniter->handleRequest(NULL, Object(Config\Cache), false)
#10 C:\laragon\www\skripsi\public\index.php(37): CodeIgniter\CodeIgniter->run()
#11 C:\laragon\www\skripsi\vendor\codeigniter4\framework\system\Commands\Server\rewrite.php(43): require_once('C:\\laragon\\www\\...')
#12 {main}
CRITICAL - 2022-03-20 20:02:12 --> file_get_contents(): SSL: An existing connection was forcibly closed by the remote host.

#0 [internal function]: CodeIgniter\Debug\Exceptions->errorHandler(2, 'file_get_conten...', 'C:\\laragon\\www\\...', 86, Array)
#1 C:\laragon\www\skripsi\app\Controllers\Home.php(86): file_get_contents('https://maps.go...')
#2 C:\laragon\www\skripsi\app\Views\pelapor\laporan\views.php(267): App\Controllers\Home->getAddress('-0.0373785', '109.3315976')
#3 C:\laragon\www\skripsi\vendor\codeigniter4\framework\system\View\View.php(214): include('C:\\laragon\\www\\...')
#4 C:\laragon\www\skripsi\vendor\codeigniter4\framework\system\View\View.php(217): CodeIgniter\View\View->CodeIgniter\View\{closure}()
#5 C:\laragon\www\skripsi\vendor\codeigniter4\framework\system\Common.php(1092): CodeIgniter\View\View->render('pelapor/laporan...', Array, true)
#6 C:\laragon\www\skripsi\app\Controllers\Pelapor\Laporan.php(152): view('pelapor/laporan...', Array)
#7 C:\laragon\www\skripsi\vendor\codeigniter4\framework\system\CodeIgniter.php(802): App\Controllers\Pelapor\Laporan->history()
#8 C:\laragon\www\skripsi\vendor\codeigniter4\framework\system\CodeIgniter.php(399): CodeIgniter\CodeIgniter->runController(Object(App\Controllers\Pelapor\Laporan))
#9 C:\laragon\www\skripsi\vendor\codeigniter4\framework\system\CodeIgniter.php(317): CodeIgniter\CodeIgniter->handleRequest(NULL, Object(Config\Cache), false)
#10 C:\laragon\www\skripsi\public\index.php(37): CodeIgniter\CodeIgniter->run()
#11 C:\laragon\www\skripsi\vendor\codeigniter4\framework\system\Commands\Server\rewrite.php(43): require_once('C:\\laragon\\www\\...')
#12 {main}
CRITICAL - 2022-03-20 20:02:14 --> file_get_contents(): SSL: An existing connection was forcibly closed by the remote host.

#0 [internal function]: CodeIgniter\Debug\Exceptions->errorHandler(2, 'file_get_conten...', 'C:\\laragon\\www\\...', 86, Array)
#1 C:\laragon\www\skripsi\app\Controllers\Home.php(86): file_get_contents('https://maps.go...')
#2 C:\laragon\www\skripsi\app\Views\pelapor\laporan\views.php(267): App\Controllers\Home->getAddress('-0.0557309', '109.3484548')
#3 C:\laragon\www\skripsi\vendor\codeigniter4\framework\system\View\View.php(214): include('C:\\laragon\\www\\...')
#4 C:\laragon\www\skripsi\vendor\codeigniter4\framework\system\View\View.php(217): CodeIgniter\View\View->CodeIgniter\View\{closure}()
#5 C:\laragon\www\skripsi\vendor\codeigniter4\framework\system\Common.php(1092): CodeIgniter\View\View->render('pelapor/laporan...', Array, true)
#6 C:\laragon\www\skripsi\app\Controllers\Pelapor\Laporan.php(152): view('pelapor/laporan...', Array)
#7 C:\laragon\www\skripsi\vendor\codeigniter4\framework\system\CodeIgniter.php(802): App\Controllers\Pelapor\Laporan->history()
#8 C:\laragon\www\skripsi\vendor\codeigniter4\framework\system\CodeIgniter.php(399): CodeIgniter\CodeIgniter->runController(Object(App\Controllers\Pelapor\Laporan))
#9 C:\laragon\www\skripsi\vendor\codeigniter4\framework\system\CodeIgniter.php(317): CodeIgniter\CodeIgniter->handleRequest(NULL, Object(Config\Cache), false)
#10 C:\laragon\www\skripsi\public\index.php(37): CodeIgniter\CodeIgniter->run()
#11 C:\laragon\www\skripsi\vendor\codeigniter4\framework\system\Commands\Server\rewrite.php(43): require_once('C:\\laragon\\www\\...')
#12 {main}
ERROR - 2022-03-20 20:05:38 --> Unknown column 'create_datetime' in 'where clause'
CRITICAL - 2022-03-20 20:05:38 --> Unknown column 'create_datetime' in 'where clause'
#0 C:\laragon\www\skripsi\vendor\codeigniter4\framework\system\Database\MySQLi\Connection.php(280): mysqli->query('SELECT * FROM t...')
#1 C:\laragon\www\skripsi\vendor\codeigniter4\framework\system\Database\BaseConnection.php(663): CodeIgniter\Database\MySQLi\Connection->execute('SELECT * FROM t...')
#2 C:\laragon\www\skripsi\vendor\codeigniter4\framework\system\Database\BaseConnection.php(591): CodeIgniter\Database\BaseConnection->simpleQuery('SELECT * FROM t...')
#3 C:\laragon\www\skripsi\app\Views\pelapor\history\views.php(48): CodeIgniter\Database\BaseConnection->query('SELECT * FROM t...')
#4 C:\laragon\www\skripsi\vendor\codeigniter4\framework\system\View\View.php(214): include('C:\\laragon\\www\\...')
#5 C:\laragon\www\skripsi\vendor\codeigniter4\framework\system\View\View.php(217): CodeIgniter\View\View->CodeIgniter\View\{closure}()
#6 C:\laragon\www\skripsi\vendor\codeigniter4\framework\system\Common.php(1092): CodeIgniter\View\View->render('pelapor/history...', Array, true)
#7 C:\laragon\www\skripsi\app\Controllers\Pelapor\Laporan.php(152): view('pelapor/history...', Array)
#8 C:\laragon\www\skripsi\vendor\codeigniter4\framework\system\CodeIgniter.php(802): App\Controllers\Pelapor\Laporan->history()
#9 C:\laragon\www\skripsi\vendor\codeigniter4\framework\system\CodeIgniter.php(399): CodeIgniter\CodeIgniter->runController(Object(App\Controllers\Pelapor\Laporan))
#10 C:\laragon\www\skripsi\vendor\codeigniter4\framework\system\CodeIgniter.php(317): CodeIgniter\CodeIgniter->handleRequest(NULL, Object(Config\Cache), false)
#11 C:\laragon\www\skripsi\public\index.php(37): CodeIgniter\CodeIgniter->run()
#12 C:\laragon\www\skripsi\vendor\codeigniter4\framework\system\Commands\Server\rewrite.php(43): require_once('C:\\laragon\\www\\...')
#13 {main}
ERROR - 2022-03-20 20:05:44 --> Unknown column 'create_datetime' in 'where clause'
CRITICAL - 2022-03-20 20:05:44 --> Unknown column 'create_datetime' in 'where clause'
#0 C:\laragon\www\skripsi\vendor\codeigniter4\framework\system\Database\MySQLi\Connection.php(280): mysqli->query('SELECT * FROM t...')
#1 C:\laragon\www\skripsi\vendor\codeigniter4\framework\system\Database\BaseConnection.php(663): CodeIgniter\Database\MySQLi\Connection->execute('SELECT * FROM t...')
#2 C:\laragon\www\skripsi\vendor\codeigniter4\framework\system\Database\BaseConnection.php(591): CodeIgniter\Database\BaseConnection->simpleQuery('SELECT * FROM t...')
#3 C:\laragon\www\skripsi\app\Views\pelapor\history\views.php(48): CodeIgniter\Database\BaseConnection->query('SELECT * FROM t...')
#4 C:\laragon\www\skripsi\vendor\codeigniter4\framework\system\View\View.php(214): include('C:\\laragon\\www\\...')
#5 C:\laragon\www\skripsi\vendor\codeigniter4\framework\system\View\View.php(217): CodeIgniter\View\View->CodeIgniter\View\{closure}()
#6 C:\laragon\www\skripsi\vendor\codeigniter4\framework\system\Common.php(1092): CodeIgniter\View\View->render('pelapor/history...', Array, true)
#7 C:\laragon\www\skripsi\app\Controllers\Pelapor\Laporan.php(152): view('pelapor/history...', Array)
#8 C:\laragon\www\skripsi\vendor\codeigniter4\framework\system\CodeIgniter.php(802): App\Controllers\Pelapor\Laporan->history()
#9 C:\laragon\www\skripsi\vendor\codeigniter4\framework\system\CodeIgniter.php(399): CodeIgniter\CodeIgniter->runController(Object(App\Controllers\Pelapor\Laporan))
#10 C:\laragon\www\skripsi\vendor\codeigniter4\framework\system\CodeIgniter.php(317): CodeIgniter\CodeIgniter->handleRequest(NULL, Object(Config\Cache), false)
#11 C:\laragon\www\skripsi\public\index.php(37): CodeIgniter\CodeIgniter->run()
#12 C:\laragon\www\skripsi\vendor\codeigniter4\framework\system\Commands\Server\rewrite.php(43): require_once('C:\\laragon\\www\\...')
#13 {main}
ERROR - 2022-03-20 20:06:12 --> Unknown column 'create_datetime' in 'where clause'
CRITICAL - 2022-03-20 20:06:12 --> Unknown column 'create_datetime' in 'where clause'
#0 C:\laragon\www\skripsi\vendor\codeigniter4\framework\system\Database\MySQLi\Connection.php(280): mysqli->query('SELECT * FROM t...')
#1 C:\laragon\www\skripsi\vendor\codeigniter4\framework\system\Database\BaseConnection.php(663): CodeIgniter\Database\MySQLi\Connection->execute('SELECT * FROM t...')
#2 C:\laragon\www\skripsi\vendor\codeigniter4\framework\system\Database\BaseConnection.php(591): CodeIgniter\Database\BaseConnection->simpleQuery('SELECT * FROM t...')
#3 C:\laragon\www\skripsi\app\Views\pelapor\history\views.php(49): CodeIgniter\Database\BaseConnection->query('SELECT * FROM t...')
#4 C:\laragon\www\skripsi\vendor\codeigniter4\framework\system\View\View.php(214): include('C:\\laragon\\www\\...')
#5 C:\laragon\www\skripsi\vendor\codeigniter4\framework\system\View\View.php(217): CodeIgniter\View\View->CodeIgniter\View\{closure}()
#6 C:\laragon\www\skripsi\vendor\codeigniter4\framework\system\Common.php(1092): CodeIgniter\View\View->render('pelapor/history...', Array, true)
#7 C:\laragon\www\skripsi\app\Controllers\Pelapor\Laporan.php(152): view('pelapor/history...', Array)
#8 C:\laragon\www\skripsi\vendor\codeigniter4\framework\system\CodeIgniter.php(802): App\Controllers\Pelapor\Laporan->history()
#9 C:\laragon\www\skripsi\vendor\codeigniter4\framework\system\CodeIgniter.php(399): CodeIgniter\CodeIgniter->runController(Object(App\Controllers\Pelapor\Laporan))
#10 C:\laragon\www\skripsi\vendor\codeigniter4\framework\system\CodeIgniter.php(317): CodeIgniter\CodeIgniter->handleRequest(NULL, Object(Config\Cache), false)
#11 C:\laragon\www\skripsi\public\index.php(37): CodeIgniter\CodeIgniter->run()
#12 C:\laragon\www\skripsi\vendor\codeigniter4\framework\system\Commands\Server\rewrite.php(43): require_once('C:\\laragon\\www\\...')
#13 {main}
ERROR - 2022-03-20 20:06:21 --> Unknown column 'create_datetime' in 'where clause'
CRITICAL - 2022-03-20 20:06:21 --> Unknown column 'create_datetime' in 'where clause'
#0 C:\laragon\www\skripsi\vendor\codeigniter4\framework\system\Database\MySQLi\Connection.php(280): mysqli->query('SELECT * FROM t...')
#1 C:\laragon\www\skripsi\vendor\codeigniter4\framework\system\Database\BaseConnection.php(663): CodeIgniter\Database\MySQLi\Connection->execute('SELECT * FROM t...')
#2 C:\laragon\www\skripsi\vendor\codeigniter4\framework\system\Database\BaseConnection.php(591): CodeIgniter\Database\BaseConnection->simpleQuery('SELECT * FROM t...')
#3 C:\laragon\www\skripsi\app\Views\pelapor\history\views.php(49): CodeIgniter\Database\BaseConnection->query('SELECT * FROM t...')
#4 C:\laragon\www\skripsi\vendor\codeigniter4\framework\system\View\View.php(214): include('C:\\laragon\\www\\...')
#5 C:\laragon\www\skripsi\vendor\codeigniter4\framework\system\View\View.php(217): CodeIgniter\View\View->CodeIgniter\View\{closure}()
#6 C:\laragon\www\skripsi\vendor\codeigniter4\framework\system\Common.php(1092): CodeIgniter\View\View->render('pelapor/history...', Array, true)
#7 C:\laragon\www\skripsi\app\Controllers\Pelapor\Laporan.php(152): view('pelapor/history...', Array)
#8 C:\laragon\www\skripsi\vendor\codeigniter4\framework\system\CodeIgniter.php(802): App\Controllers\Pelapor\Laporan->history()
#9 C:\laragon\www\skripsi\vendor\codeigniter4\framework\system\CodeIgniter.php(399): CodeIgniter\CodeIgniter->runController(Object(App\Controllers\Pelapor\Laporan))
#10 C:\laragon\www\skripsi\vendor\codeigniter4\framework\system\CodeIgniter.php(317): CodeIgniter\CodeIgniter->handleRequest(NULL, Object(Config\Cache), false)
#11 C:\laragon\www\skripsi\public\index.php(37): CodeIgniter\CodeIgniter->run()
#12 C:\laragon\www\skripsi\vendor\codeigniter4\framework\system\Commands\Server\rewrite.php(43): require_once('C:\\laragon\\www\\...')
#13 {main}
