CRITICAL - 2022-05-17 18:52:09 --> file_get_contents(http://localhost:9090/notif-keys/public_key.txt): failed to open stream: HTTP request failed!
#0 [internal function]: CodeIgniter\Debug\Exceptions->errorHandler(2, 'file_get_conten...', 'C:\\laragon\\www\\...', 144, Array)
#1 C:\laragon\www\skripsi\app\Controllers\Home.php(144): file_get_contents('http://localhos...')
#2 C:\laragon\www\skripsi\vendor\codeigniter4\framework\system\CodeIgniter.php(802): App\Controllers\Home->send_push_notif()
#3 C:\laragon\www\skripsi\vendor\codeigniter4\framework\system\CodeIgniter.php(399): CodeIgniter\CodeIgniter->runController(Object(App\Controllers\Home))
#4 C:\laragon\www\skripsi\vendor\codeigniter4\framework\system\CodeIgniter.php(317): CodeIgniter\CodeIgniter->handleRequest(NULL, Object(Config\Cache), false)
#5 C:\laragon\www\skripsi\public\index.php(38): CodeIgniter\CodeIgniter->run()
#6 C:\laragon\www\skripsi\vendor\codeigniter4\framework\system\Commands\Server\rewrite.php(43): require_once('C:\\laragon\\www\\...')
#7 {main}
ERROR - 2022-05-17 18:55:25 --> You have an error in your SQL syntax; check the manual that corresponds to your MySQL server version for the right syntax to use near '' at line 1
CRITICAL - 2022-05-17 18:55:25 --> You have an error in your SQL syntax; check the manual that corresponds to your MySQL server version for the right syntax to use near '' at line 1
#0 C:\laragon\www\skripsi\vendor\codeigniter4\framework\system\Database\MySQLi\Connection.php(280): mysqli->query('SELECT * FROM t...')
#1 C:\laragon\www\skripsi\vendor\codeigniter4\framework\system\Database\BaseConnection.php(663): CodeIgniter\Database\MySQLi\Connection->execute('SELECT * FROM t...')
#2 C:\laragon\www\skripsi\vendor\codeigniter4\framework\system\Database\BaseConnection.php(591): CodeIgniter\Database\BaseConnection->simpleQuery('SELECT * FROM t...')
#3 C:\laragon\www\skripsi\app\Views\personil\dashboard\views.php(8): CodeIgniter\Database\BaseConnection->query('SELECT * FROM t...')
#4 C:\laragon\www\skripsi\vendor\codeigniter4\framework\system\View\View.php(214): include('C:\\laragon\\www\\...')
#5 C:\laragon\www\skripsi\vendor\codeigniter4\framework\system\View\View.php(217): CodeIgniter\View\View->CodeIgniter\View\{closure}()
#6 C:\laragon\www\skripsi\vendor\codeigniter4\framework\system\Common.php(1092): CodeIgniter\View\View->render('personil/dashbo...', Array, true)
#7 C:\laragon\www\skripsi\app\Controllers\Personil\Dashboard.php(93): view('personil/dashbo...', Array)
#8 C:\laragon\www\skripsi\vendor\codeigniter4\framework\system\CodeIgniter.php(802): App\Controllers\Personil\Dashboard->index()
#9 C:\laragon\www\skripsi\vendor\codeigniter4\framework\system\CodeIgniter.php(399): CodeIgniter\CodeIgniter->runController(Object(App\Controllers\Personil\Dashboard))
#10 C:\laragon\www\skripsi\vendor\codeigniter4\framework\system\CodeIgniter.php(317): CodeIgniter\CodeIgniter->handleRequest(NULL, Object(Config\Cache), false)
#11 C:\laragon\www\skripsi\public\index.php(38): CodeIgniter\CodeIgniter->run()
#12 C:\laragon\www\skripsi\vendor\codeigniter4\framework\system\Commands\Server\rewrite.php(43): require_once('C:\\laragon\\www\\...')
#13 {main}
ERROR - 2022-05-17 18:55:30 --> You have an error in your SQL syntax; check the manual that corresponds to your MySQL server version for the right syntax to use near '' at line 1
CRITICAL - 2022-05-17 18:55:31 --> You have an error in your SQL syntax; check the manual that corresponds to your MySQL server version for the right syntax to use near '' at line 1
#0 C:\laragon\www\skripsi\vendor\codeigniter4\framework\system\Database\MySQLi\Connection.php(280): mysqli->query('SELECT * FROM t...')
#1 C:\laragon\www\skripsi\vendor\codeigniter4\framework\system\Database\BaseConnection.php(663): CodeIgniter\Database\MySQLi\Connection->execute('SELECT * FROM t...')
#2 C:\laragon\www\skripsi\vendor\codeigniter4\framework\system\Database\BaseConnection.php(591): CodeIgniter\Database\BaseConnection->simpleQuery('SELECT * FROM t...')
#3 C:\laragon\www\skripsi\app\Views\personil\dashboard\views.php(8): CodeIgniter\Database\BaseConnection->query('SELECT * FROM t...')
#4 C:\laragon\www\skripsi\vendor\codeigniter4\framework\system\View\View.php(214): include('C:\\laragon\\www\\...')
#5 C:\laragon\www\skripsi\vendor\codeigniter4\framework\system\View\View.php(217): CodeIgniter\View\View->CodeIgniter\View\{closure}()
#6 C:\laragon\www\skripsi\vendor\codeigniter4\framework\system\Common.php(1092): CodeIgniter\View\View->render('personil/dashbo...', Array, true)
#7 C:\laragon\www\skripsi\app\Controllers\Personil\Dashboard.php(93): view('personil/dashbo...', Array)
#8 C:\laragon\www\skripsi\vendor\codeigniter4\framework\system\CodeIgniter.php(802): App\Controllers\Personil\Dashboard->index()
#9 C:\laragon\www\skripsi\vendor\codeigniter4\framework\system\CodeIgniter.php(399): CodeIgniter\CodeIgniter->runController(Object(App\Controllers\Personil\Dashboard))
#10 C:\laragon\www\skripsi\vendor\codeigniter4\framework\system\CodeIgniter.php(317): CodeIgniter\CodeIgniter->handleRequest(NULL, Object(Config\Cache), false)
#11 C:\laragon\www\skripsi\public\index.php(38): CodeIgniter\CodeIgniter->run()
#12 C:\laragon\www\skripsi\vendor\codeigniter4\framework\system\Commands\Server\rewrite.php(43): require_once('C:\\laragon\\www\\...')
#13 {main}
ERROR - 2022-05-17 18:57:44 --> You have an error in your SQL syntax; check the manual that corresponds to your MySQL server version for the right syntax to use near '' at line 1
CRITICAL - 2022-05-17 18:57:44 --> You have an error in your SQL syntax; check the manual that corresponds to your MySQL server version for the right syntax to use near '' at line 1
#0 C:\laragon\www\skripsi\vendor\codeigniter4\framework\system\Database\MySQLi\Connection.php(280): mysqli->query('SELECT * FROM t...')
#1 C:\laragon\www\skripsi\vendor\codeigniter4\framework\system\Database\BaseConnection.php(663): CodeIgniter\Database\MySQLi\Connection->execute('SELECT * FROM t...')
#2 C:\laragon\www\skripsi\vendor\codeigniter4\framework\system\Database\BaseConnection.php(591): CodeIgniter\Database\BaseConnection->simpleQuery('SELECT * FROM t...')
#3 C:\laragon\www\skripsi\app\Views\personil\dashboard\views.php(8): CodeIgniter\Database\BaseConnection->query('SELECT * FROM t...')
#4 C:\laragon\www\skripsi\vendor\codeigniter4\framework\system\View\View.php(214): include('C:\\laragon\\www\\...')
#5 C:\laragon\www\skripsi\vendor\codeigniter4\framework\system\View\View.php(217): CodeIgniter\View\View->CodeIgniter\View\{closure}()
#6 C:\laragon\www\skripsi\vendor\codeigniter4\framework\system\Common.php(1092): CodeIgniter\View\View->render('personil/dashbo...', Array, true)
#7 C:\laragon\www\skripsi\app\Controllers\Personil\Dashboard.php(93): view('personil/dashbo...', Array)
#8 C:\laragon\www\skripsi\vendor\codeigniter4\framework\system\CodeIgniter.php(802): App\Controllers\Personil\Dashboard->index()
#9 C:\laragon\www\skripsi\vendor\codeigniter4\framework\system\CodeIgniter.php(399): CodeIgniter\CodeIgniter->runController(Object(App\Controllers\Personil\Dashboard))
#10 C:\laragon\www\skripsi\vendor\codeigniter4\framework\system\CodeIgniter.php(317): CodeIgniter\CodeIgniter->handleRequest(NULL, Object(Config\Cache), false)
#11 C:\laragon\www\skripsi\public\index.php(38): CodeIgniter\CodeIgniter->run()
#12 C:\laragon\www\skripsi\vendor\codeigniter4\framework\system\Commands\Server\rewrite.php(43): require_once('C:\\laragon\\www\\...')
#13 {main}
ERROR - 2022-05-17 18:58:53 --> You have an error in your SQL syntax; check the manual that corresponds to your MySQL server version for the right syntax to use near '' at line 1
CRITICAL - 2022-05-17 18:58:53 --> You have an error in your SQL syntax; check the manual that corresponds to your MySQL server version for the right syntax to use near '' at line 1
#0 C:\laragon\www\skripsi\vendor\codeigniter4\framework\system\Database\MySQLi\Connection.php(280): mysqli->query('SELECT * FROM t...')
#1 C:\laragon\www\skripsi\vendor\codeigniter4\framework\system\Database\BaseConnection.php(663): CodeIgniter\Database\MySQLi\Connection->execute('SELECT * FROM t...')
#2 C:\laragon\www\skripsi\vendor\codeigniter4\framework\system\Database\BaseConnection.php(591): CodeIgniter\Database\BaseConnection->simpleQuery('SELECT * FROM t...')
#3 C:\laragon\www\skripsi\app\Views\personil\dashboard\views.php(8): CodeIgniter\Database\BaseConnection->query('SELECT * FROM t...')
#4 C:\laragon\www\skripsi\vendor\codeigniter4\framework\system\View\View.php(214): include('C:\\laragon\\www\\...')
#5 C:\laragon\www\skripsi\vendor\codeigniter4\framework\system\View\View.php(217): CodeIgniter\View\View->CodeIgniter\View\{closure}()
#6 C:\laragon\www\skripsi\vendor\codeigniter4\framework\system\Common.php(1092): CodeIgniter\View\View->render('personil/dashbo...', Array, true)
#7 C:\laragon\www\skripsi\app\Controllers\Personil\Dashboard.php(93): view('personil/dashbo...', Array)
#8 C:\laragon\www\skripsi\vendor\codeigniter4\framework\system\CodeIgniter.php(802): App\Controllers\Personil\Dashboard->index()
#9 C:\laragon\www\skripsi\vendor\codeigniter4\framework\system\CodeIgniter.php(399): CodeIgniter\CodeIgniter->runController(Object(App\Controllers\Personil\Dashboard))
#10 C:\laragon\www\skripsi\vendor\codeigniter4\framework\system\CodeIgniter.php(317): CodeIgniter\CodeIgniter->handleRequest(NULL, Object(Config\Cache), false)
#11 C:\laragon\www\skripsi\public\index.php(38): CodeIgniter\CodeIgniter->run()
#12 C:\laragon\www\skripsi\vendor\codeigniter4\framework\system\Commands\Server\rewrite.php(43): require_once('C:\\laragon\\www\\...')
#13 {main}
CRITICAL - 2022-05-17 19:00:52 --> Trying to access array offset on value of type null
#0 C:\laragon\www\skripsi\app\Controllers\Pelapor\Laporan.php(38): CodeIgniter\Debug\Exceptions->errorHandler(8, 'Trying to acces...', 'C:\\laragon\\www\\...', 38, Array)
#1 C:\laragon\www\skripsi\vendor\codeigniter4\framework\system\CodeIgniter.php(779): App\Controllers\Pelapor\Laporan->__construct()
#2 C:\laragon\www\skripsi\vendor\codeigniter4\framework\system\CodeIgniter.php(390): CodeIgniter\CodeIgniter->createController()
#3 C:\laragon\www\skripsi\vendor\codeigniter4\framework\system\CodeIgniter.php(317): CodeIgniter\CodeIgniter->handleRequest(NULL, Object(Config\Cache), false)
#4 C:\laragon\www\skripsi\public\index.php(38): CodeIgniter\CodeIgniter->run()
#5 C:\laragon\www\skripsi\vendor\codeigniter4\framework\system\Commands\Server\rewrite.php(43): require_once('C:\\laragon\\www\\...')
#6 {main}
CRITICAL - 2022-05-17 19:01:08 --> Trying to access array offset on value of type null
#0 C:\laragon\www\skripsi\app\Controllers\Pelapor\Laporan.php(38): CodeIgniter\Debug\Exceptions->errorHandler(8, 'Trying to acces...', 'C:\\laragon\\www\\...', 38, Array)
#1 C:\laragon\www\skripsi\vendor\codeigniter4\framework\system\CodeIgniter.php(779): App\Controllers\Pelapor\Laporan->__construct()
#2 C:\laragon\www\skripsi\vendor\codeigniter4\framework\system\CodeIgniter.php(390): CodeIgniter\CodeIgniter->createController()
#3 C:\laragon\www\skripsi\vendor\codeigniter4\framework\system\CodeIgniter.php(317): CodeIgniter\CodeIgniter->handleRequest(NULL, Object(Config\Cache), false)
#4 C:\laragon\www\skripsi\public\index.php(38): CodeIgniter\CodeIgniter->run()
#5 C:\laragon\www\skripsi\vendor\codeigniter4\framework\system\Commands\Server\rewrite.php(43): require_once('C:\\laragon\\www\\...')
#6 {main}
