CRITICAL - 2022-03-16 00:32:16 --> file_get_contents(): php_network_getaddresses: getaddrinfo failed: No such host is known. 
#0 [internal function]: CodeIgniter\Debug\Exceptions->errorHandler(2, 'file_get_conten...', 'C:\\laragon\\www\\...', 82, Array)
#1 C:\laragon\www\skripsi\app\Controllers\Home.php(82): file_get_contents('https://maps.go...')
#2 C:\laragon\www\skripsi\app\Views\pelapor\laporan\edit.php(108): App\Controllers\Home->getAddress('-0.0483459', '109.3580896')
#3 C:\laragon\www\skripsi\vendor\codeigniter4\framework\system\View\View.php(214): include('C:\\laragon\\www\\...')
#4 C:\laragon\www\skripsi\vendor\codeigniter4\framework\system\View\View.php(217): CodeIgniter\View\View->CodeIgniter\View\{closure}()
#5 C:\laragon\www\skripsi\vendor\codeigniter4\framework\system\Common.php(1092): CodeIgniter\View\View->render('pelapor/laporan...', Array, true)
#6 C:\laragon\www\skripsi\app\Controllers\Pelapor\Laporan.php(128): view('pelapor/laporan...', Array)
#7 C:\laragon\www\skripsi\vendor\codeigniter4\framework\system\CodeIgniter.php(802): App\Controllers\Pelapor\Laporan->edit('BPeUXdBNh77DoKh...')
#8 C:\laragon\www\skripsi\vendor\codeigniter4\framework\system\CodeIgniter.php(399): CodeIgniter\CodeIgniter->runController(Object(App\Controllers\Pelapor\Laporan))
#9 C:\laragon\www\skripsi\vendor\codeigniter4\framework\system\CodeIgniter.php(317): CodeIgniter\CodeIgniter->handleRequest(NULL, Object(Config\Cache), false)
#10 C:\laragon\www\skripsi\public\index.php(37): CodeIgniter\CodeIgniter->run()
#11 C:\laragon\www\skripsi\vendor\codeigniter4\framework\system\Commands\Server\rewrite.php(43): require_once('C:\\laragon\\www\\...')
#12 {main}
CRITICAL - 2022-03-16 00:33:52 --> file_get_contents(https://maps.google.com/maps/api/geocode/json?latlng=-0.0263303,109.3425039&amp;key=AIzaSyB-JpweDJ7_cA9-KiEq-iMjQzlluOemnWo): failed to open stream: HTTP request failed!
#0 [internal function]: CodeIgniter\Debug\Exceptions->errorHandler(2, 'file_get_conten...', 'C:\\laragon\\www\\...', 82, Array)
#1 C:\laragon\www\skripsi\app\Controllers\Home.php(82): file_get_contents('https://maps.go...')
#2 C:\laragon\www\skripsi\app\Views\pelapor\laporan\views.php(267): App\Controllers\Home->getAddress('-0.0263303', '109.3425039')
#3 C:\laragon\www\skripsi\vendor\codeigniter4\framework\system\View\View.php(214): include('C:\\laragon\\www\\...')
#4 C:\laragon\www\skripsi\vendor\codeigniter4\framework\system\View\View.php(217): CodeIgniter\View\View->CodeIgniter\View\{closure}()
#5 C:\laragon\www\skripsi\vendor\codeigniter4\framework\system\Common.php(1092): CodeIgniter\View\View->render('pelapor/laporan...', Array, true)
#6 C:\laragon\www\skripsi\app\Controllers\Pelapor\Laporan.php(80): view('pelapor/laporan...', Array)
#7 C:\laragon\www\skripsi\vendor\codeigniter4\framework\system\CodeIgniter.php(802): App\Controllers\Pelapor\Laporan->index()
#8 C:\laragon\www\skripsi\vendor\codeigniter4\framework\system\CodeIgniter.php(399): CodeIgniter\CodeIgniter->runController(Object(App\Controllers\Pelapor\Laporan))
#9 C:\laragon\www\skripsi\vendor\codeigniter4\framework\system\CodeIgniter.php(317): CodeIgniter\CodeIgniter->handleRequest(NULL, Object(Config\Cache), false)
#10 C:\laragon\www\skripsi\public\index.php(37): CodeIgniter\CodeIgniter->run()
#11 C:\laragon\www\skripsi\vendor\codeigniter4\framework\system\Commands\Server\rewrite.php(43): require_once('C:\\laragon\\www\\...')
#12 {main}
CRITICAL - 2022-03-16 07:24:00 --> file_get_contents(https://maps.google.com/maps/api/geocode/json?latlng=-0.0373785,109.3315976&amp;key=AIzaSyB-JpweDJ7_cA9-KiEq-iMjQzlluOemnWo): failed to open stream: HTTP request failed!
#0 [internal function]: CodeIgniter\Debug\Exceptions->errorHandler(2, 'file_get_conten...', 'C:\\laragon\\www\\...', 82, Array)
#1 C:\laragon\www\skripsi\app\Controllers\Home.php(82): file_get_contents('https://maps.go...')
#2 C:\laragon\www\skripsi\app\Views\pelapor\laporan\views.php(267): App\Controllers\Home->getAddress('-0.0373785', '109.3315976')
#3 C:\laragon\www\skripsi\vendor\codeigniter4\framework\system\View\View.php(214): include('C:\\laragon\\www\\...')
#4 C:\laragon\www\skripsi\vendor\codeigniter4\framework\system\View\View.php(217): CodeIgniter\View\View->CodeIgniter\View\{closure}()
#5 C:\laragon\www\skripsi\vendor\codeigniter4\framework\system\Common.php(1092): CodeIgniter\View\View->render('pelapor/laporan...', Array, true)
#6 C:\laragon\www\skripsi\app\Controllers\Pelapor\Laporan.php(152): view('pelapor/laporan...', Array)
#7 C:\laragon\www\skripsi\vendor\codeigniter4\framework\system\CodeIgniter.php(802): App\Controllers\Pelapor\Laporan->history()
#8 C:\laragon\www\skripsi\vendor\codeigniter4\framework\system\CodeIgniter.php(399): CodeIgniter\CodeIgniter->runController(Object(App\Controllers\Pelapor\Laporan))
#9 C:\laragon\www\skripsi\vendor\codeigniter4\framework\system\CodeIgniter.php(317): CodeIgniter\CodeIgniter->handleRequest(NULL, Object(Config\Cache), false)
#10 C:\laragon\www\skripsi\public\index.php(37): CodeIgniter\CodeIgniter->run()
#11 C:\laragon\www\skripsi\vendor\codeigniter4\framework\system\Commands\Server\rewrite.php(43): require_once('C:\\laragon\\www\\...')
#12 {main}
CRITICAL - 2022-03-16 10:28:52 --> Undefined variable: token_notif_user
#0 C:\laragon\www\skripsi\app\Views\pelapor\dashboard\views.php(308): CodeIgniter\Debug\Exceptions->errorHandler(8, 'Undefined varia...', 'C:\\laragon\\www\\...', 308, Array)
#1 C:\laragon\www\skripsi\vendor\codeigniter4\framework\system\View\View.php(214): include('C:\\laragon\\www\\...')
#2 C:\laragon\www\skripsi\vendor\codeigniter4\framework\system\View\View.php(217): CodeIgniter\View\View->CodeIgniter\View\{closure}()
#3 C:\laragon\www\skripsi\vendor\codeigniter4\framework\system\Common.php(1092): CodeIgniter\View\View->render('pelapor/dashboa...', Array, true)
#4 C:\laragon\www\skripsi\app\Controllers\Pelapor\Dashboard.php(103): view('pelapor/dashboa...', Array)
#5 C:\laragon\www\skripsi\vendor\codeigniter4\framework\system\CodeIgniter.php(802): App\Controllers\Pelapor\Dashboard->index()
#6 C:\laragon\www\skripsi\vendor\codeigniter4\framework\system\CodeIgniter.php(399): CodeIgniter\CodeIgniter->runController(Object(App\Controllers\Pelapor\Dashboard))
#7 C:\laragon\www\skripsi\vendor\codeigniter4\framework\system\CodeIgniter.php(317): CodeIgniter\CodeIgniter->handleRequest(NULL, Object(Config\Cache), false)
#8 C:\laragon\www\skripsi\public\index.php(37): CodeIgniter\CodeIgniter->run()
#9 C:\laragon\www\skripsi\vendor\codeigniter4\framework\system\Commands\Server\rewrite.php(43): require_once('C:\\laragon\\www\\...')
#10 {main}
CRITICAL - 2022-03-16 10:29:55 --> Undefined variable: token_notif_user
#0 C:\laragon\www\skripsi\app\Views\pelapor\dashboard\views.php(308): CodeIgniter\Debug\Exceptions->errorHandler(8, 'Undefined varia...', 'C:\\laragon\\www\\...', 308, Array)
#1 C:\laragon\www\skripsi\vendor\codeigniter4\framework\system\View\View.php(214): include('C:\\laragon\\www\\...')
#2 C:\laragon\www\skripsi\vendor\codeigniter4\framework\system\View\View.php(217): CodeIgniter\View\View->CodeIgniter\View\{closure}()
#3 C:\laragon\www\skripsi\vendor\codeigniter4\framework\system\Common.php(1092): CodeIgniter\View\View->render('pelapor/dashboa...', Array, true)
#4 C:\laragon\www\skripsi\app\Controllers\Pelapor\Dashboard.php(103): view('pelapor/dashboa...', Array)
#5 C:\laragon\www\skripsi\vendor\codeigniter4\framework\system\CodeIgniter.php(802): App\Controllers\Pelapor\Dashboard->index()
#6 C:\laragon\www\skripsi\vendor\codeigniter4\framework\system\CodeIgniter.php(399): CodeIgniter\CodeIgniter->runController(Object(App\Controllers\Pelapor\Dashboard))
#7 C:\laragon\www\skripsi\vendor\codeigniter4\framework\system\CodeIgniter.php(317): CodeIgniter\CodeIgniter->handleRequest(NULL, Object(Config\Cache), false)
#8 C:\laragon\www\skripsi\public\index.php(37): CodeIgniter\CodeIgniter->run()
#9 C:\laragon\www\skripsi\vendor\codeigniter4\framework\system\Commands\Server\rewrite.php(43): require_once('C:\\laragon\\www\\...')
#10 {main}
CRITICAL - 2022-03-16 10:34:11 --> Undefined property: App\Controllers\Pelapor\Dashboard::$PushNotifModel
#0 C:\laragon\www\skripsi\app\Controllers\Pelapor\Dashboard.php(102): CodeIgniter\Debug\Exceptions->errorHandler(8, 'Undefined prope...', 'C:\\laragon\\www\\...', 102, Array)
#1 C:\laragon\www\skripsi\vendor\codeigniter4\framework\system\CodeIgniter.php(802): App\Controllers\Pelapor\Dashboard->index()
#2 C:\laragon\www\skripsi\vendor\codeigniter4\framework\system\CodeIgniter.php(399): CodeIgniter\CodeIgniter->runController(Object(App\Controllers\Pelapor\Dashboard))
#3 C:\laragon\www\skripsi\vendor\codeigniter4\framework\system\CodeIgniter.php(317): CodeIgniter\CodeIgniter->handleRequest(NULL, Object(Config\Cache), false)
#4 C:\laragon\www\skripsi\public\index.php(37): CodeIgniter\CodeIgniter->run()
#5 C:\laragon\www\skripsi\vendor\codeigniter4\framework\system\Commands\Server\rewrite.php(43): require_once('C:\\laragon\\www\\...')
#6 {main}
CRITICAL - 2022-03-16 10:34:32 --> Class 'App\Models\PushNotifModel' not found
#0 C:\laragon\www\skripsi\vendor\codeigniter4\framework\system\CodeIgniter.php(779): App\Controllers\Pelapor\Dashboard->__construct()
#1 C:\laragon\www\skripsi\vendor\codeigniter4\framework\system\CodeIgniter.php(390): CodeIgniter\CodeIgniter->createController()
#2 C:\laragon\www\skripsi\vendor\codeigniter4\framework\system\CodeIgniter.php(317): CodeIgniter\CodeIgniter->handleRequest(NULL, Object(Config\Cache), false)
#3 C:\laragon\www\skripsi\public\index.php(37): CodeIgniter\CodeIgniter->run()
#4 C:\laragon\www\skripsi\vendor\codeigniter4\framework\system\Commands\Server\rewrite.php(43): require_once('C:\\laragon\\www\\...')
#5 {main}
CRITICAL - 2022-03-16 10:34:51 --> Class 'App\Models\PushNotifModel' not found
#0 C:\laragon\www\skripsi\vendor\codeigniter4\framework\system\CodeIgniter.php(779): App\Controllers\Pelapor\Dashboard->__construct()
#1 C:\laragon\www\skripsi\vendor\codeigniter4\framework\system\CodeIgniter.php(390): CodeIgniter\CodeIgniter->createController()
#2 C:\laragon\www\skripsi\vendor\codeigniter4\framework\system\CodeIgniter.php(317): CodeIgniter\CodeIgniter->handleRequest(NULL, Object(Config\Cache), false)
#3 C:\laragon\www\skripsi\public\index.php(37): CodeIgniter\CodeIgniter->run()
#4 C:\laragon\www\skripsi\vendor\codeigniter4\framework\system\Commands\Server\rewrite.php(43): require_once('C:\\laragon\\www\\...')
#5 {main}
CRITICAL - 2022-03-16 10:35:06 --> Class 'App\Models\PushNotifModel' not found
#0 C:\laragon\www\skripsi\vendor\codeigniter4\framework\system\CodeIgniter.php(779): App\Controllers\Pelapor\Dashboard->__construct()
#1 C:\laragon\www\skripsi\vendor\codeigniter4\framework\system\CodeIgniter.php(390): CodeIgniter\CodeIgniter->createController()
#2 C:\laragon\www\skripsi\vendor\codeigniter4\framework\system\CodeIgniter.php(317): CodeIgniter\CodeIgniter->handleRequest(NULL, Object(Config\Cache), false)
#3 C:\laragon\www\skripsi\public\index.php(37): CodeIgniter\CodeIgniter->run()
#4 C:\laragon\www\skripsi\vendor\codeigniter4\framework\system\Commands\Server\rewrite.php(43): require_once('C:\\laragon\\www\\...')
#5 {main}
CRITICAL - 2022-03-16 10:35:26 --> Class 'App\Models\PushNotifModel' not found
#0 C:\laragon\www\skripsi\vendor\codeigniter4\framework\system\CodeIgniter.php(779): App\Controllers\Pelapor\Dashboard->__construct()
#1 C:\laragon\www\skripsi\vendor\codeigniter4\framework\system\CodeIgniter.php(390): CodeIgniter\CodeIgniter->createController()
#2 C:\laragon\www\skripsi\vendor\codeigniter4\framework\system\CodeIgniter.php(317): CodeIgniter\CodeIgniter->handleRequest(NULL, Object(Config\Cache), false)
#3 C:\laragon\www\skripsi\public\index.php(37): CodeIgniter\CodeIgniter->run()
#4 C:\laragon\www\skripsi\vendor\codeigniter4\framework\system\Commands\Server\rewrite.php(43): require_once('C:\\laragon\\www\\...')
#5 {main}
CRITICAL - 2022-03-16 10:35:29 --> Class 'App\Models\PushNotifModel' not found
#0 C:\laragon\www\skripsi\vendor\codeigniter4\framework\system\CodeIgniter.php(779): App\Controllers\Pelapor\Dashboard->__construct()
#1 C:\laragon\www\skripsi\vendor\codeigniter4\framework\system\CodeIgniter.php(390): CodeIgniter\CodeIgniter->createController()
#2 C:\laragon\www\skripsi\vendor\codeigniter4\framework\system\CodeIgniter.php(317): CodeIgniter\CodeIgniter->handleRequest(NULL, Object(Config\Cache), false)
#3 C:\laragon\www\skripsi\public\index.php(37): CodeIgniter\CodeIgniter->run()
#4 C:\laragon\www\skripsi\vendor\codeigniter4\framework\system\Commands\Server\rewrite.php(43): require_once('C:\\laragon\\www\\...')
#5 {main}
CRITICAL - 2022-03-16 10:36:11 --> Class 'App\Models\PushNotifModel' not found
#0 C:\laragon\www\skripsi\vendor\codeigniter4\framework\system\CodeIgniter.php(779): App\Controllers\Pelapor\Dashboard->__construct()
#1 C:\laragon\www\skripsi\vendor\codeigniter4\framework\system\CodeIgniter.php(390): CodeIgniter\CodeIgniter->createController()
#2 C:\laragon\www\skripsi\vendor\codeigniter4\framework\system\CodeIgniter.php(317): CodeIgniter\CodeIgniter->handleRequest(NULL, Object(Config\Cache), false)
#3 C:\laragon\www\skripsi\public\index.php(37): CodeIgniter\CodeIgniter->run()
#4 C:\laragon\www\skripsi\vendor\codeigniter4\framework\system\Commands\Server\rewrite.php(43): require_once('C:\\laragon\\www\\...')
#5 {main}
CRITICAL - 2022-03-16 10:36:12 --> Class 'App\Models\PushNotifModel' not found
#0 C:\laragon\www\skripsi\vendor\codeigniter4\framework\system\CodeIgniter.php(779): App\Controllers\Pelapor\Dashboard->__construct()
#1 C:\laragon\www\skripsi\vendor\codeigniter4\framework\system\CodeIgniter.php(390): CodeIgniter\CodeIgniter->createController()
#2 C:\laragon\www\skripsi\vendor\codeigniter4\framework\system\CodeIgniter.php(317): CodeIgniter\CodeIgniter->handleRequest(NULL, Object(Config\Cache), false)
#3 C:\laragon\www\skripsi\public\index.php(37): CodeIgniter\CodeIgniter->run()
#4 C:\laragon\www\skripsi\vendor\codeigniter4\framework\system\Commands\Server\rewrite.php(43): require_once('C:\\laragon\\www\\...')
#5 {main}
CRITICAL - 2022-03-16 10:36:17 --> Class 'App\Models\PushNotifModel' not found
#0 C:\laragon\www\skripsi\vendor\codeigniter4\framework\system\CodeIgniter.php(779): App\Controllers\Pelapor\Dashboard->__construct()
#1 C:\laragon\www\skripsi\vendor\codeigniter4\framework\system\CodeIgniter.php(390): CodeIgniter\CodeIgniter->createController()
#2 C:\laragon\www\skripsi\vendor\codeigniter4\framework\system\CodeIgniter.php(317): CodeIgniter\CodeIgniter->handleRequest(NULL, Object(Config\Cache), false)
#3 C:\laragon\www\skripsi\public\index.php(37): CodeIgniter\CodeIgniter->run()
#4 C:\laragon\www\skripsi\vendor\codeigniter4\framework\system\Commands\Server\rewrite.php(43): require_once('C:\\laragon\\www\\...')
#5 {main}
CRITICAL - 2022-03-16 10:36:19 --> Class 'App\Models\PushNotifModel' not found
#0 C:\laragon\www\skripsi\vendor\codeigniter4\framework\system\CodeIgniter.php(779): App\Controllers\Home->__construct()
#1 C:\laragon\www\skripsi\vendor\codeigniter4\framework\system\CodeIgniter.php(390): CodeIgniter\CodeIgniter->createController()
#2 C:\laragon\www\skripsi\vendor\codeigniter4\framework\system\CodeIgniter.php(317): CodeIgniter\CodeIgniter->handleRequest(NULL, Object(Config\Cache), false)
#3 C:\laragon\www\skripsi\public\index.php(37): CodeIgniter\CodeIgniter->run()
#4 C:\laragon\www\skripsi\vendor\codeigniter4\framework\system\Commands\Server\rewrite.php(43): require_once('C:\\laragon\\www\\...')
#5 {main}
CRITICAL - 2022-03-16 10:36:20 --> Class 'App\Models\PushNotifModel' not found
#0 C:\laragon\www\skripsi\vendor\codeigniter4\framework\system\CodeIgniter.php(779): App\Controllers\Home->__construct()
#1 C:\laragon\www\skripsi\vendor\codeigniter4\framework\system\CodeIgniter.php(390): CodeIgniter\CodeIgniter->createController()
#2 C:\laragon\www\skripsi\vendor\codeigniter4\framework\system\CodeIgniter.php(317): CodeIgniter\CodeIgniter->handleRequest(NULL, Object(Config\Cache), false)
#3 C:\laragon\www\skripsi\public\index.php(37): CodeIgniter\CodeIgniter->run()
#4 C:\laragon\www\skripsi\vendor\codeigniter4\framework\system\Commands\Server\rewrite.php(43): require_once('C:\\laragon\\www\\...')
#5 {main}
CRITICAL - 2022-03-16 10:36:24 --> Class 'App\Models\PushNotifModel' not found
#0 C:\laragon\www\skripsi\vendor\codeigniter4\framework\system\CodeIgniter.php(779): App\Controllers\Home->__construct()
#1 C:\laragon\www\skripsi\vendor\codeigniter4\framework\system\CodeIgniter.php(390): CodeIgniter\CodeIgniter->createController()
#2 C:\laragon\www\skripsi\vendor\codeigniter4\framework\system\CodeIgniter.php(317): CodeIgniter\CodeIgniter->handleRequest(NULL, Object(Config\Cache), false)
#3 C:\laragon\www\skripsi\public\index.php(37): CodeIgniter\CodeIgniter->run()
#4 C:\laragon\www\skripsi\vendor\codeigniter4\framework\system\Commands\Server\rewrite.php(43): require_once('C:\\laragon\\www\\...')
#5 {main}
CRITICAL - 2022-03-16 10:36:37 --> Class 'App\Models\PushNotifModel' not found
#0 C:\laragon\www\skripsi\vendor\codeigniter4\framework\system\CodeIgniter.php(779): App\Controllers\Home->__construct()
#1 C:\laragon\www\skripsi\vendor\codeigniter4\framework\system\CodeIgniter.php(390): CodeIgniter\CodeIgniter->createController()
#2 C:\laragon\www\skripsi\vendor\codeigniter4\framework\system\CodeIgniter.php(317): CodeIgniter\CodeIgniter->handleRequest(NULL, Object(Config\Cache), false)
#3 C:\laragon\www\skripsi\public\index.php(37): CodeIgniter\CodeIgniter->run()
#4 C:\laragon\www\skripsi\vendor\codeigniter4\framework\system\Commands\Server\rewrite.php(43): require_once('C:\\laragon\\www\\...')
#5 {main}
CRITICAL - 2022-03-16 10:38:36 --> Class 'App\Models\PushNotifModel' not found
#0 C:\laragon\www\skripsi\vendor\codeigniter4\framework\system\CodeIgniter.php(779): App\Controllers\Home->__construct()
#1 C:\laragon\www\skripsi\vendor\codeigniter4\framework\system\CodeIgniter.php(390): CodeIgniter\CodeIgniter->createController()
#2 C:\laragon\www\skripsi\vendor\codeigniter4\framework\system\CodeIgniter.php(317): CodeIgniter\CodeIgniter->handleRequest(NULL, Object(Config\Cache), false)
#3 C:\laragon\www\skripsi\public\index.php(37): CodeIgniter\CodeIgniter->run()
#4 C:\laragon\www\skripsi\vendor\codeigniter4\framework\system\Commands\Server\rewrite.php(43): require_once('C:\\laragon\\www\\...')
#5 {main}
CRITICAL - 2022-03-16 10:38:37 --> Class 'App\Models\PushNotifModel' not found
#0 C:\laragon\www\skripsi\vendor\codeigniter4\framework\system\CodeIgniter.php(779): App\Controllers\Home->__construct()
#1 C:\laragon\www\skripsi\vendor\codeigniter4\framework\system\CodeIgniter.php(390): CodeIgniter\CodeIgniter->createController()
#2 C:\laragon\www\skripsi\vendor\codeigniter4\framework\system\CodeIgniter.php(317): CodeIgniter\CodeIgniter->handleRequest(NULL, Object(Config\Cache), false)
#3 C:\laragon\www\skripsi\public\index.php(37): CodeIgniter\CodeIgniter->run()
#4 C:\laragon\www\skripsi\vendor\codeigniter4\framework\system\Commands\Server\rewrite.php(43): require_once('C:\\laragon\\www\\...')
#5 {main}
CRITICAL - 2022-03-16 10:38:37 --> Class 'App\Models\PushNotifModel' not found
#0 C:\laragon\www\skripsi\vendor\codeigniter4\framework\system\CodeIgniter.php(779): App\Controllers\Home->__construct()
#1 C:\laragon\www\skripsi\vendor\codeigniter4\framework\system\CodeIgniter.php(390): CodeIgniter\CodeIgniter->createController()
#2 C:\laragon\www\skripsi\vendor\codeigniter4\framework\system\CodeIgniter.php(317): CodeIgniter\CodeIgniter->handleRequest(NULL, Object(Config\Cache), false)
#3 C:\laragon\www\skripsi\public\index.php(37): CodeIgniter\CodeIgniter->run()
#4 C:\laragon\www\skripsi\vendor\codeigniter4\framework\system\Commands\Server\rewrite.php(43): require_once('C:\\laragon\\www\\...')
#5 {main}
CRITICAL - 2022-03-16 10:38:46 --> Class 'App\Models\PushNotifModel' not found
#0 C:\laragon\www\skripsi\vendor\codeigniter4\framework\system\CodeIgniter.php(779): App\Controllers\Home->__construct()
#1 C:\laragon\www\skripsi\vendor\codeigniter4\framework\system\CodeIgniter.php(390): CodeIgniter\CodeIgniter->createController()
#2 C:\laragon\www\skripsi\vendor\codeigniter4\framework\system\CodeIgniter.php(317): CodeIgniter\CodeIgniter->handleRequest(NULL, Object(Config\Cache), false)
#3 C:\laragon\www\skripsi\public\index.php(37): CodeIgniter\CodeIgniter->run()
#4 C:\laragon\www\skripsi\vendor\codeigniter4\framework\system\Commands\Server\rewrite.php(43): require_once('C:\\laragon\\www\\...')
#5 {main}
