CRITICAL - 2022-04-15 00:03:04 --> Trying to access array offset on value of type null
#0 C:\laragon\www\skripsi\app\Controllers\Pelapor\Laporan.php(38): CodeIgniter\Debug\Exceptions->errorHandler(8, 'Trying to acces...', 'C:\\laragon\\www\\...', 38, Array)
#1 C:\laragon\www\skripsi\vendor\codeigniter4\framework\system\CodeIgniter.php(779): App\Controllers\Pelapor\Laporan->__construct()
#2 C:\laragon\www\skripsi\vendor\codeigniter4\framework\system\CodeIgniter.php(390): CodeIgniter\CodeIgniter->createController()
#3 C:\laragon\www\skripsi\vendor\codeigniter4\framework\system\CodeIgniter.php(317): CodeIgniter\CodeIgniter->handleRequest(NULL, Object(Config\Cache), false)
#4 C:\laragon\www\skripsi\public\index.php(38): CodeIgniter\CodeIgniter->run()
#5 C:\laragon\www\skripsi\vendor\codeigniter4\framework\system\Commands\Server\rewrite.php(43): require_once('C:\\laragon\\www\\...')
#6 {main}
CRITICAL - 2022-04-15 00:06:21 --> file_get_contents(http://localhost:9090/notif-keys/public_key.txt): failed to open stream: HTTP request failed!
#0 [internal function]: CodeIgniter\Debug\Exceptions->errorHandler(2, 'file_get_conten...', 'C:\\laragon\\www\\...', 144, Array)
#1 C:\laragon\www\skripsi\app\Controllers\Home.php(144): file_get_contents('http://localhos...')
#2 C:\laragon\www\skripsi\vendor\codeigniter4\framework\system\CodeIgniter.php(802): App\Controllers\Home->send_push_notif()
#3 C:\laragon\www\skripsi\vendor\codeigniter4\framework\system\CodeIgniter.php(399): CodeIgniter\CodeIgniter->runController(Object(App\Controllers\Home))
#4 C:\laragon\www\skripsi\vendor\codeigniter4\framework\system\CodeIgniter.php(317): CodeIgniter\CodeIgniter->handleRequest(NULL, Object(Config\Cache), false)
#5 C:\laragon\www\skripsi\public\index.php(38): CodeIgniter\CodeIgniter->run()
#6 C:\laragon\www\skripsi\vendor\codeigniter4\framework\system\Commands\Server\rewrite.php(43): require_once('C:\\laragon\\www\\...')
#7 {main}
CRITICAL - 2022-04-15 00:07:22 --> file_get_contents(http://localhost:9090/notif-keys/public_key.txt): failed to open stream: HTTP request failed!
#0 [internal function]: CodeIgniter\Debug\Exceptions->errorHandler(2, 'file_get_conten...', 'C:\\laragon\\www\\...', 144, Array)
#1 C:\laragon\www\skripsi\app\Controllers\Home.php(144): file_get_contents('http://localhos...')
#2 C:\laragon\www\skripsi\vendor\codeigniter4\framework\system\CodeIgniter.php(802): App\Controllers\Home->send_push_notif()
#3 C:\laragon\www\skripsi\vendor\codeigniter4\framework\system\CodeIgniter.php(399): CodeIgniter\CodeIgniter->runController(Object(App\Controllers\Home))
#4 C:\laragon\www\skripsi\vendor\codeigniter4\framework\system\CodeIgniter.php(317): CodeIgniter\CodeIgniter->handleRequest(NULL, Object(Config\Cache), false)
#5 C:\laragon\www\skripsi\public\index.php(38): CodeIgniter\CodeIgniter->run()
#6 C:\laragon\www\skripsi\vendor\codeigniter4\framework\system\Commands\Server\rewrite.php(43): require_once('C:\\laragon\\www\\...')
#7 {main}
