CRITICAL - 2022-03-09 05:54:04 --> file_get_contents(): php_network_getaddresses: getaddrinfo failed: No such host is known. 
#0 [internal function]: CodeIgniter\Debug\Exceptions->errorHandler(2, 'file_get_conten...', 'C:\\laragon\\www\\...', 81, Array)
#1 C:\laragon\www\skripsi\app\Controllers\Home.php(81): file_get_contents('https://maps.go...')
#2 C:\laragon\www\skripsi\app\Views\pelapor\laporan\views.php(255): App\Controllers\Home->getAddress('-0.0263303', '109.3425039')
#3 C:\laragon\www\skripsi\vendor\codeigniter4\framework\system\View\View.php(214): include('C:\\laragon\\www\\...')
#4 C:\laragon\www\skripsi\vendor\codeigniter4\framework\system\View\View.php(217): CodeIgniter\View\View->CodeIgniter\View\{closure}()
#5 C:\laragon\www\skripsi\vendor\codeigniter4\framework\system\Common.php(1092): CodeIgniter\View\View->render('pelapor/laporan...', Array, true)
#6 C:\laragon\www\skripsi\app\Controllers\Pelapor\Laporan.php(78): view('pelapor/laporan...', Array)
#7 C:\laragon\www\skripsi\vendor\codeigniter4\framework\system\CodeIgniter.php(802): App\Controllers\Pelapor\Laporan->index()
#8 C:\laragon\www\skripsi\vendor\codeigniter4\framework\system\CodeIgniter.php(399): CodeIgniter\CodeIgniter->runController(Object(App\Controllers\Pelapor\Laporan))
#9 C:\laragon\www\skripsi\vendor\codeigniter4\framework\system\CodeIgniter.php(317): CodeIgniter\CodeIgniter->handleRequest(NULL, Object(Config\Cache), false)
#10 C:\laragon\www\skripsi\public\index.php(37): CodeIgniter\CodeIgniter->run()
#11 C:\laragon\www\skripsi\vendor\codeigniter4\framework\system\Commands\Server\rewrite.php(43): require_once('C:\\laragon\\www\\...')
#12 {main}
CRITICAL - 2022-03-09 05:54:04 --> file_get_contents(): php_network_getaddresses: getaddrinfo failed: No such host is known. 
#0 [internal function]: CodeIgniter\Debug\Exceptions->errorHandler(2, 'file_get_conten...', 'C:\\laragon\\www\\...', 81, Array)
#1 C:\laragon\www\skripsi\app\Controllers\Home.php(81): file_get_contents('https://maps.go...')
#2 C:\laragon\www\skripsi\app\Views\pelapor\laporan\views.php(255): App\Controllers\Home->getAddress('-0.0263303', '109.3425039')
#3 C:\laragon\www\skripsi\vendor\codeigniter4\framework\system\View\View.php(214): include('C:\\laragon\\www\\...')
#4 C:\laragon\www\skripsi\vendor\codeigniter4\framework\system\View\View.php(217): CodeIgniter\View\View->CodeIgniter\View\{closure}()
#5 C:\laragon\www\skripsi\vendor\codeigniter4\framework\system\Common.php(1092): CodeIgniter\View\View->render('pelapor/laporan...', Array, true)
#6 C:\laragon\www\skripsi\app\Controllers\Pelapor\Laporan.php(78): view('pelapor/laporan...', Array)
#7 C:\laragon\www\skripsi\vendor\codeigniter4\framework\system\CodeIgniter.php(802): App\Controllers\Pelapor\Laporan->index()
#8 C:\laragon\www\skripsi\vendor\codeigniter4\framework\system\CodeIgniter.php(399): CodeIgniter\CodeIgniter->runController(Object(App\Controllers\Pelapor\Laporan))
#9 C:\laragon\www\skripsi\vendor\codeigniter4\framework\system\CodeIgniter.php(317): CodeIgniter\CodeIgniter->handleRequest(NULL, Object(Config\Cache), false)
#10 C:\laragon\www\skripsi\public\index.php(37): CodeIgniter\CodeIgniter->run()
#11 C:\laragon\www\skripsi\vendor\codeigniter4\framework\system\Commands\Server\rewrite.php(43): require_once('C:\\laragon\\www\\...')
#12 {main}
CRITICAL - 2022-03-09 16:22:53 --> Undefined variable: cek_tindakan
#0 C:\laragon\www\skripsi\app\Views\pelapor\laporan\detail.php(118): CodeIgniter\Debug\Exceptions->errorHandler(8, 'Undefined varia...', 'C:\\laragon\\www\\...', 118, Array)
#1 C:\laragon\www\skripsi\vendor\codeigniter4\framework\system\View\View.php(214): include('C:\\laragon\\www\\...')
#2 C:\laragon\www\skripsi\vendor\codeigniter4\framework\system\View\View.php(217): CodeIgniter\View\View->CodeIgniter\View\{closure}()
#3 C:\laragon\www\skripsi\vendor\codeigniter4\framework\system\Common.php(1092): CodeIgniter\View\View->render('pelapor/laporan...', Array, true)
#4 C:\laragon\www\skripsi\app\Controllers\Pelapor\Laporan.php(102): view('pelapor/laporan...', Array)
#5 C:\laragon\www\skripsi\vendor\codeigniter4\framework\system\CodeIgniter.php(802): App\Controllers\Pelapor\Laporan->detail('UqYJuEZUMZcSvd1...')
#6 C:\laragon\www\skripsi\vendor\codeigniter4\framework\system\CodeIgniter.php(399): CodeIgniter\CodeIgniter->runController(Object(App\Controllers\Pelapor\Laporan))
#7 C:\laragon\www\skripsi\vendor\codeigniter4\framework\system\CodeIgniter.php(317): CodeIgniter\CodeIgniter->handleRequest(NULL, Object(Config\Cache), false)
#8 C:\laragon\www\skripsi\public\index.php(37): CodeIgniter\CodeIgniter->run()
#9 C:\laragon\www\skripsi\vendor\codeigniter4\framework\system\Commands\Server\rewrite.php(43): require_once('C:\\laragon\\www\\...')
#10 {main}
CRITICAL - 2022-03-09 16:23:22 --> Undefined variable: row
#0 C:\laragon\www\skripsi\app\Views\pelapor\laporan\detail.php(124): CodeIgniter\Debug\Exceptions->errorHandler(8, 'Undefined varia...', 'C:\\laragon\\www\\...', 124, Array)
#1 C:\laragon\www\skripsi\vendor\codeigniter4\framework\system\View\View.php(214): include('C:\\laragon\\www\\...')
#2 C:\laragon\www\skripsi\vendor\codeigniter4\framework\system\View\View.php(217): CodeIgniter\View\View->CodeIgniter\View\{closure}()
#3 C:\laragon\www\skripsi\vendor\codeigniter4\framework\system\Common.php(1092): CodeIgniter\View\View->render('pelapor/laporan...', Array, true)
#4 C:\laragon\www\skripsi\app\Controllers\Pelapor\Laporan.php(102): view('pelapor/laporan...', Array)
#5 C:\laragon\www\skripsi\vendor\codeigniter4\framework\system\CodeIgniter.php(802): App\Controllers\Pelapor\Laporan->detail('UqYJuEZUMZcSvd1...')
#6 C:\laragon\www\skripsi\vendor\codeigniter4\framework\system\CodeIgniter.php(399): CodeIgniter\CodeIgniter->runController(Object(App\Controllers\Pelapor\Laporan))
#7 C:\laragon\www\skripsi\vendor\codeigniter4\framework\system\CodeIgniter.php(317): CodeIgniter\CodeIgniter->handleRequest(NULL, Object(Config\Cache), false)
#8 C:\laragon\www\skripsi\public\index.php(37): CodeIgniter\CodeIgniter->run()
#9 C:\laragon\www\skripsi\vendor\codeigniter4\framework\system\Commands\Server\rewrite.php(43): require_once('C:\\laragon\\www\\...')
#10 {main}
