CRITICAL - 2022-10-25 05:14:57 --> Constant FILTER_SANITIZE_STRING is deprecated
#0 C:\laragon\www\skripsi\vendor\codeigniter4\framework\system\HTTP\CLIRequest.php(175): CodeIgniter\Debug\Exceptions->errorHandler(8192, 'Constant FILTER...', 'C:\\laragon\\www\\...', 175)
#1 C:\laragon\www\skripsi\vendor\codeigniter4\framework\system\HTTP\CLIRequest.php(67): CodeIgniter\HTTP\CLIRequest->parseCommand()
#2 C:\laragon\www\skripsi\vendor\codeigniter4\framework\system\Config\Services.php(123): CodeIgniter\HTTP\CLIRequest->__construct(Object(Config\App))
#3 C:\laragon\www\skripsi\vendor\codeigniter4\framework\system\Config\BaseService.php(248): CodeIgniter\Config\Services::clirequest(Object(Config\App), false)
#4 C:\laragon\www\skripsi\vendor\codeigniter4\framework\system\Config\BaseService.php(189): CodeIgniter\Config\BaseService::__callStatic('clirequest', Array)
#5 C:\laragon\www\skripsi\vendor\codeigniter4\framework\system\Config\Services.php(118): CodeIgniter\Config\BaseService::getSharedInstance('clirequest', Object(Config\App))
#6 C:\laragon\www\skripsi\vendor\codeigniter4\framework\system\Config\BaseService.php(248): CodeIgniter\Config\Services::clirequest(Object(Config\App))
#7 C:\laragon\www\skripsi\vendor\codeigniter4\framework\system\CodeIgniter.php(527): CodeIgniter\Config\BaseService::__callStatic('clirequest', Array)
#8 C:\laragon\www\skripsi\vendor\codeigniter4\framework\system\CodeIgniter.php(292): CodeIgniter\CodeIgniter->getRequestObject()
#9 C:\laragon\www\skripsi\vendor\codeigniter4\framework\system\CLI\Console.php(48): CodeIgniter\CodeIgniter->run()
#10 C:\laragon\www\skripsi\spark(63): CodeIgniter\CLI\Console->run()
#11 {main}
CRITICAL - 2022-10-25 12:42:59 --> Function strftime() is deprecated
in APPPATH\Controllers\Pelapor\DaerahRawan.php on line 117.
 1 APPPATH\Controllers\Pelapor\DaerahRawan.php(117): CodeIgniter\Debug\Exceptions->errorHandler(8192, 'Function strftime() is deprecated', 'APPPATH\\Controllers\\Pelapor\\DaerahRawan.php', 117)
 2 SYSTEMPATH\CodeIgniter.php(902): App\Controllers\Pelapor\DaerahRawan->getDaerahRawan()
 3 SYSTEMPATH\CodeIgniter.php(457): CodeIgniter\CodeIgniter->runController(Object(App\Controllers\Pelapor\DaerahRawan))
 4 SYSTEMPATH\CodeIgniter.php(340): CodeIgniter\CodeIgniter->handleRequest(null, Object(Config\Cache), false)
 5 FCPATH\index.php(67): CodeIgniter\CodeIgniter->run()
 6 SYSTEMPATH\Commands\Server\rewrite.php(46): require_once('FCPATH\\index.php')
CRITICAL - 2022-10-25 19:56:00 --> Function strftime() is deprecated
in APPPATH\Views\pelapor\laporan\views.php on line 204.
 1 APPPATH\Views\pelapor\laporan\views.php(204): CodeIgniter\Debug\Exceptions->errorHandler(8192, 'Function strftime() is deprecated', 'APPPATH\\Views\\pelapor\\laporan\\views.php', 204)
 2 SYSTEMPATH\View\View.php(213): include('APPPATH\\Views\\pelapor\\laporan\\views.php')
 3 SYSTEMPATH\View\View.php(216): CodeIgniter\View\View->CodeIgniter\View\{closure}()
 4 SYSTEMPATH\Common.php(1145): CodeIgniter\View\View->render('pelapor/laporan/views', [], true)
 5 APPPATH\Controllers\Pelapor\Laporan.php(82): view('pelapor/laporan/views', [...])
 6 SYSTEMPATH\CodeIgniter.php(902): App\Controllers\Pelapor\Laporan->index()
 7 SYSTEMPATH\CodeIgniter.php(457): CodeIgniter\CodeIgniter->runController(Object(App\Controllers\Pelapor\Laporan))
 8 SYSTEMPATH\CodeIgniter.php(340): CodeIgniter\CodeIgniter->handleRequest(null, Object(Config\Cache), false)
 9 FCPATH\index.php(67): CodeIgniter\CodeIgniter->run()
10 SYSTEMPATH\Commands\Server\rewrite.php(46): require_once('FCPATH\\index.php')
CRITICAL - 2022-10-25 19:56:01 --> Function strftime() is deprecated
in APPPATH\Controllers\Home.php on line 225.
 1 APPPATH\Controllers\Home.php(225): CodeIgniter\Debug\Exceptions->errorHandler(8192, 'Function strftime() is deprecated', 'APPPATH\\Controllers\\Home.php', 225)
 2 SYSTEMPATH\CodeIgniter.php(902): App\Controllers\Home->getKoordinatPersonil()
 3 SYSTEMPATH\CodeIgniter.php(457): CodeIgniter\CodeIgniter->runController(Object(App\Controllers\Home))
 4 SYSTEMPATH\CodeIgniter.php(340): CodeIgniter\CodeIgniter->handleRequest(null, Object(Config\Cache), false)
 5 FCPATH\index.php(67): CodeIgniter\CodeIgniter->run()
 6 SYSTEMPATH\Commands\Server\rewrite.php(46): require_once('FCPATH\\index.php')
CRITICAL - 2022-10-25 19:57:01 --> Maximum execution time of 60 seconds exceeded
in SYSTEMPATH\Debug\Exceptions.php on line 152.
 1 [internal function]: CodeIgniter\Debug\Exceptions->shutdownHandler()
CRITICAL - 2022-10-25 19:57:02 --> Function strftime() is deprecated
in APPPATH\Views\pelapor\laporan\views.php on line 204.
 1 APPPATH\Views\pelapor\laporan\views.php(204): CodeIgniter\Debug\Exceptions->errorHandler(8192, 'Function strftime() is deprecated', 'APPPATH\\Views\\pelapor\\laporan\\views.php', 204)
 2 SYSTEMPATH\View\View.php(213): include('APPPATH\\Views\\pelapor\\laporan\\views.php')
 3 SYSTEMPATH\View\View.php(216): CodeIgniter\View\View->CodeIgniter\View\{closure}()
 4 SYSTEMPATH\Common.php(1145): CodeIgniter\View\View->render('pelapor/laporan/views', [], true)
 5 APPPATH\Controllers\Pelapor\Laporan.php(82): view('pelapor/laporan/views', [...])
 6 SYSTEMPATH\CodeIgniter.php(902): App\Controllers\Pelapor\Laporan->index()
 7 SYSTEMPATH\CodeIgniter.php(457): CodeIgniter\CodeIgniter->runController(Object(App\Controllers\Pelapor\Laporan))
 8 SYSTEMPATH\CodeIgniter.php(340): CodeIgniter\CodeIgniter->handleRequest(null, Object(Config\Cache), false)
 9 FCPATH\index.php(67): CodeIgniter\CodeIgniter->run()
10 SYSTEMPATH\Commands\Server\rewrite.php(46): require_once('FCPATH\\index.php')
