CRITICAL - 2022-03-24 08:04:15 --> syntax error, unexpected ','
#0 C:\laragon\www\skripsi\vendor\codeigniter4\framework\system\Autoloader\Autoloader.php(241): CodeIgniter\Autoloader\Autoloader->includeFile('C:\\laragon\\www\\...')
#1 C:\laragon\www\skripsi\vendor\codeigniter4\framework\system\Autoloader\Autoloader.php(219): CodeIgniter\Autoloader\Autoloader->loadInNamespace('App\\Controllers...')
#2 [internal function]: CodeIgniter\Autoloader\Autoloader->loadClass('App\\Controllers...')
#3 C:\laragon\www\skripsi\app\Views\pelapor\laporan\views.php(6): spl_autoload_call('App\\Controllers...')
#4 C:\laragon\www\skripsi\vendor\codeigniter4\framework\system\View\View.php(214): include('C:\\laragon\\www\\...')
#5 C:\laragon\www\skripsi\vendor\codeigniter4\framework\system\View\View.php(217): CodeIgniter\View\View->CodeIgniter\View\{closure}()
#6 C:\laragon\www\skripsi\vendor\codeigniter4\framework\system\Common.php(1092): CodeIgniter\View\View->render('pelapor/laporan...', Array, true)
#7 C:\laragon\www\skripsi\app\Controllers\Pelapor\Laporan.php(80): view('pelapor/laporan...', Array)
#8 C:\laragon\www\skripsi\vendor\codeigniter4\framework\system\CodeIgniter.php(802): App\Controllers\Pelapor\Laporan->index()
#9 C:\laragon\www\skripsi\vendor\codeigniter4\framework\system\CodeIgniter.php(399): CodeIgniter\CodeIgniter->runController(Object(App\Controllers\Pelapor\Laporan))
#10 C:\laragon\www\skripsi\vendor\codeigniter4\framework\system\CodeIgniter.php(317): CodeIgniter\CodeIgniter->handleRequest(NULL, Object(Config\Cache), false)
#11 C:\laragon\www\skripsi\public\index.php(37): CodeIgniter\CodeIgniter->run()
#12 C:\laragon\www\skripsi\vendor\codeigniter4\framework\system\Commands\Server\rewrite.php(43): require_once('C:\\laragon\\www\\...')
#13 {main}
CRITICAL - 2022-03-24 08:04:44 --> syntax error, unexpected ','
#0 C:\laragon\www\skripsi\vendor\codeigniter4\framework\system\Autoloader\Autoloader.php(241): CodeIgniter\Autoloader\Autoloader->includeFile('C:\\laragon\\www\\...')
#1 C:\laragon\www\skripsi\vendor\codeigniter4\framework\system\Autoloader\Autoloader.php(219): CodeIgniter\Autoloader\Autoloader->loadInNamespace('App\\Controllers...')
#2 [internal function]: CodeIgniter\Autoloader\Autoloader->loadClass('App\\Controllers...')
#3 C:\laragon\www\skripsi\app\Views\pelapor\laporan\views.php(6): spl_autoload_call('App\\Controllers...')
#4 C:\laragon\www\skripsi\vendor\codeigniter4\framework\system\View\View.php(214): include('C:\\laragon\\www\\...')
#5 C:\laragon\www\skripsi\vendor\codeigniter4\framework\system\View\View.php(217): CodeIgniter\View\View->CodeIgniter\View\{closure}()
#6 C:\laragon\www\skripsi\vendor\codeigniter4\framework\system\Common.php(1092): CodeIgniter\View\View->render('pelapor/laporan...', Array, true)
#7 C:\laragon\www\skripsi\app\Controllers\Pelapor\Laporan.php(80): view('pelapor/laporan...', Array)
#8 C:\laragon\www\skripsi\vendor\codeigniter4\framework\system\CodeIgniter.php(802): App\Controllers\Pelapor\Laporan->index()
#9 C:\laragon\www\skripsi\vendor\codeigniter4\framework\system\CodeIgniter.php(399): CodeIgniter\CodeIgniter->runController(Object(App\Controllers\Pelapor\Laporan))
#10 C:\laragon\www\skripsi\vendor\codeigniter4\framework\system\CodeIgniter.php(317): CodeIgniter\CodeIgniter->handleRequest(NULL, Object(Config\Cache), false)
#11 C:\laragon\www\skripsi\public\index.php(37): CodeIgniter\CodeIgniter->run()
#12 C:\laragon\www\skripsi\vendor\codeigniter4\framework\system\Commands\Server\rewrite.php(43): require_once('C:\\laragon\\www\\...')
#13 {main}
CRITICAL - 2022-03-24 08:10:28 --> Invalid data provided
#0 C:\laragon\www\skripsi\vendor\minishlink\web-push\src\Encryption.php(83): Base64Url\Base64Url::decode('BEJ4Jae6LZ4MSqU...')
#1 C:\laragon\www\skripsi\vendor\minishlink\web-push\src\Encryption.php(66): Minishlink\WebPush\Encryption::deterministicEncrypt('{\n             ...', 'BEJ4Jae6LZ4MSqU...', 'MhUX7uZ1fWwZ0hg...', 'aes128gcm', Array, '\xA7\x1A\xC40_ZB\x16L\xA5\xC5\xEB\xA4\xB7d...')
#2 C:\laragon\www\skripsi\vendor\minishlink\web-push\src\WebPush.php(230): Minishlink\WebPush\Encryption::encrypt('{\n             ...', 'BEJ4Jae6LZ4MSqU...', 'MhUX7uZ1fWwZ0hg...', 'aes128gcm')
#3 C:\laragon\www\skripsi\vendor\minishlink\web-push\src\WebPush.php(173): Minishlink\WebPush\WebPush->prepare(Array)
#4 [internal function]: Minishlink\WebPush\WebPush->flush()
#5 C:\laragon\www\skripsi\vendor\minishlink\web-push\src\WebPush.php(144): Generator->current()
#6 C:\laragon\www\skripsi\app\Controllers\Home.php(163): Minishlink\WebPush\WebPush->sendOneNotification(Object(Minishlink\WebPush\Subscription), '{\n             ...')
#7 C:\laragon\www\skripsi\vendor\codeigniter4\framework\system\CodeIgniter.php(802): App\Controllers\Home->send_push_notif()
#8 C:\laragon\www\skripsi\vendor\codeigniter4\framework\system\CodeIgniter.php(399): CodeIgniter\CodeIgniter->runController(Object(App\Controllers\Home))
#9 C:\laragon\www\skripsi\vendor\codeigniter4\framework\system\CodeIgniter.php(317): CodeIgniter\CodeIgniter->handleRequest(NULL, Object(Config\Cache), false)
#10 C:\laragon\www\skripsi\public\index.php(37): CodeIgniter\CodeIgniter->run()
#11 C:\laragon\www\skripsi\vendor\codeigniter4\framework\system\Commands\Server\rewrite.php(43): require_once('C:\\laragon\\www\\...')
#12 {main}
CRITICAL - 2022-03-24 08:10:28 --> Uncaught CodeIgniter\Format\Exceptions\FormatException: Failed to parse json string, error: "Malformed UTF-8 characters, possibly incorrectly encoded". in C:\laragon\www\skripsi\vendor\codeigniter4\framework\system\Format\JSONFormatter.php:41
Stack trace:
#0 C:\laragon\www\skripsi\vendor\codeigniter4\framework\system\Format\JSONFormatter.php(41): CodeIgniter\Format\Exceptions\FormatException::forInvalidJSON('Malformed UTF-8...')
#1 C:\laragon\www\skripsi\vendor\codeigniter4\framework\system\API\ResponseTrait.php(341): CodeIgniter\Format\JSONFormatter->format(Array)
#2 C:\laragon\www\skripsi\vendor\codeigniter4\framework\system\API\ResponseTrait.php(99): CodeIgniter\Debug\Exceptions->format(Array)
#3 C:\laragon\www\skripsi\vendor\codeigniter4\framework\system\Debug\Exceptions.php(126): CodeIgniter\Debug\Exceptions->respond(Array, 500)
#4 [internal function]: CodeIgniter\Debug\Exceptions->exceptionHandler(Object(InvalidArgumentException))
#5 {main}
  thrown
#0 [internal function]: CodeIgniter\Debug\Exceptions->shutdownHandler()
#1 {main}
CRITICAL - 2022-03-24 08:21:13 --> Audience "dkp98CWb1g4://"" could not be generated.
#0 C:\laragon\www\skripsi\vendor\minishlink\web-push\src\WebPush.php(173): Minishlink\WebPush\WebPush->prepare(Array)
#1 [internal function]: Minishlink\WebPush\WebPush->flush()
#2 C:\laragon\www\skripsi\vendor\minishlink\web-push\src\WebPush.php(144): Generator->current()
#3 C:\laragon\www\skripsi\app\Controllers\Home.php(163): Minishlink\WebPush\WebPush->sendOneNotification(Object(Minishlink\WebPush\Subscription), '{\n             ...')
#4 C:\laragon\www\skripsi\vendor\codeigniter4\framework\system\CodeIgniter.php(802): App\Controllers\Home->send_push_notif()
#5 C:\laragon\www\skripsi\vendor\codeigniter4\framework\system\CodeIgniter.php(399): CodeIgniter\CodeIgniter->runController(Object(App\Controllers\Home))
#6 C:\laragon\www\skripsi\vendor\codeigniter4\framework\system\CodeIgniter.php(317): CodeIgniter\CodeIgniter->handleRequest(NULL, Object(Config\Cache), false)
#7 C:\laragon\www\skripsi\public\index.php(37): CodeIgniter\CodeIgniter->run()
#8 C:\laragon\www\skripsi\vendor\codeigniter4\framework\system\Commands\Server\rewrite.php(43): require_once('C:\\laragon\\www\\...')
#9 {main}
CRITICAL - 2022-03-24 08:21:20 --> Audience "dkp98CWb1g4://"" could not be generated.
#0 C:\laragon\www\skripsi\vendor\minishlink\web-push\src\WebPush.php(173): Minishlink\WebPush\WebPush->prepare(Array)
#1 [internal function]: Minishlink\WebPush\WebPush->flush()
#2 C:\laragon\www\skripsi\vendor\minishlink\web-push\src\WebPush.php(144): Generator->current()
#3 C:\laragon\www\skripsi\app\Controllers\Home.php(163): Minishlink\WebPush\WebPush->sendOneNotification(Object(Minishlink\WebPush\Subscription), '{\n             ...')
#4 C:\laragon\www\skripsi\vendor\codeigniter4\framework\system\CodeIgniter.php(802): App\Controllers\Home->send_push_notif()
#5 C:\laragon\www\skripsi\vendor\codeigniter4\framework\system\CodeIgniter.php(399): CodeIgniter\CodeIgniter->runController(Object(App\Controllers\Home))
#6 C:\laragon\www\skripsi\vendor\codeigniter4\framework\system\CodeIgniter.php(317): CodeIgniter\CodeIgniter->handleRequest(NULL, Object(Config\Cache), false)
#7 C:\laragon\www\skripsi\public\index.php(37): CodeIgniter\CodeIgniter->run()
#8 C:\laragon\www\skripsi\vendor\codeigniter4\framework\system\Commands\Server\rewrite.php(43): require_once('C:\\laragon\\www\\...')
#9 {main}
CRITICAL - 2022-03-24 08:21:40 --> Audience "dkp98CWb1g4://"" could not be generated.
#0 C:\laragon\www\skripsi\vendor\minishlink\web-push\src\WebPush.php(173): Minishlink\WebPush\WebPush->prepare(Array)
#1 [internal function]: Minishlink\WebPush\WebPush->flush()
#2 C:\laragon\www\skripsi\vendor\minishlink\web-push\src\WebPush.php(144): Generator->current()
#3 C:\laragon\www\skripsi\app\Controllers\Home.php(163): Minishlink\WebPush\WebPush->sendOneNotification(Object(Minishlink\WebPush\Subscription), '{\n             ...')
#4 C:\laragon\www\skripsi\vendor\codeigniter4\framework\system\CodeIgniter.php(802): App\Controllers\Home->send_push_notif()
#5 C:\laragon\www\skripsi\vendor\codeigniter4\framework\system\CodeIgniter.php(399): CodeIgniter\CodeIgniter->runController(Object(App\Controllers\Home))
#6 C:\laragon\www\skripsi\vendor\codeigniter4\framework\system\CodeIgniter.php(317): CodeIgniter\CodeIgniter->handleRequest(NULL, Object(Config\Cache), false)
#7 C:\laragon\www\skripsi\public\index.php(37): CodeIgniter\CodeIgniter->run()
#8 C:\laragon\www\skripsi\vendor\codeigniter4\framework\system\Commands\Server\rewrite.php(43): require_once('C:\\laragon\\www\\...')
#9 {main}
CRITICAL - 2022-03-24 08:46:46 --> file_get_contents(http://localhost:9090/notif-keys/public_key.txt): failed to open stream: HTTP request failed!
#0 [internal function]: CodeIgniter\Debug\Exceptions->errorHandler(2, 'file_get_conten...', 'C:\\laragon\\www\\...', 151, Array)
#1 C:\laragon\www\skripsi\app\Controllers\Home.php(151): file_get_contents('http://localhos...')
#2 C:\laragon\www\skripsi\vendor\codeigniter4\framework\system\CodeIgniter.php(802): App\Controllers\Home->send_push_notif()
#3 C:\laragon\www\skripsi\vendor\codeigniter4\framework\system\CodeIgniter.php(399): CodeIgniter\CodeIgniter->runController(Object(App\Controllers\Home))
#4 C:\laragon\www\skripsi\vendor\codeigniter4\framework\system\CodeIgniter.php(317): CodeIgniter\CodeIgniter->handleRequest(NULL, Object(Config\Cache), false)
#5 C:\laragon\www\skripsi\public\index.php(37): CodeIgniter\CodeIgniter->run()
#6 C:\laragon\www\skripsi\vendor\codeigniter4\framework\system\Commands\Server\rewrite.php(43): require_once('C:\\laragon\\www\\...')
#7 {main}
CRITICAL - 2022-03-24 08:47:49 --> file_get_contents(http://localhost:9090/notif-keys/public_key.txt): failed to open stream: HTTP request failed!
#0 [internal function]: CodeIgniter\Debug\Exceptions->errorHandler(2, 'file_get_conten...', 'C:\\laragon\\www\\...', 151, Array)
#1 C:\laragon\www\skripsi\app\Controllers\Home.php(151): file_get_contents('http://localhos...')
#2 C:\laragon\www\skripsi\vendor\codeigniter4\framework\system\CodeIgniter.php(802): App\Controllers\Home->send_push_notif()
#3 C:\laragon\www\skripsi\vendor\codeigniter4\framework\system\CodeIgniter.php(399): CodeIgniter\CodeIgniter->runController(Object(App\Controllers\Home))
#4 C:\laragon\www\skripsi\vendor\codeigniter4\framework\system\CodeIgniter.php(317): CodeIgniter\CodeIgniter->handleRequest(NULL, Object(Config\Cache), false)
#5 C:\laragon\www\skripsi\public\index.php(37): CodeIgniter\CodeIgniter->run()
#6 C:\laragon\www\skripsi\vendor\codeigniter4\framework\system\Commands\Server\rewrite.php(43): require_once('C:\\laragon\\www\\...')
#7 {main}
CRITICAL - 2022-03-24 08:49:02 --> file_get_contents(http://localhost:9090/notif-keys/public_key.txt): failed to open stream: HTTP request failed!
#0 [internal function]: CodeIgniter\Debug\Exceptions->errorHandler(2, 'file_get_conten...', 'C:\\laragon\\www\\...', 151, Array)
#1 C:\laragon\www\skripsi\app\Controllers\Home.php(151): file_get_contents('http://localhos...')
#2 C:\laragon\www\skripsi\vendor\codeigniter4\framework\system\CodeIgniter.php(802): App\Controllers\Home->send_push_notif()
#3 C:\laragon\www\skripsi\vendor\codeigniter4\framework\system\CodeIgniter.php(399): CodeIgniter\CodeIgniter->runController(Object(App\Controllers\Home))
#4 C:\laragon\www\skripsi\vendor\codeigniter4\framework\system\CodeIgniter.php(317): CodeIgniter\CodeIgniter->handleRequest(NULL, Object(Config\Cache), false)
#5 C:\laragon\www\skripsi\public\index.php(37): CodeIgniter\CodeIgniter->run()
#6 C:\laragon\www\skripsi\vendor\codeigniter4\framework\system\Commands\Server\rewrite.php(43): require_once('C:\\laragon\\www\\...')
#7 {main}
CRITICAL - 2022-03-24 08:50:06 --> file_get_contents(http://localhost:9090/notif-keys/public_key.txt): failed to open stream: HTTP request failed!
#0 [internal function]: CodeIgniter\Debug\Exceptions->errorHandler(2, 'file_get_conten...', 'C:\\laragon\\www\\...', 151, Array)
#1 C:\laragon\www\skripsi\app\Controllers\Home.php(151): file_get_contents('http://localhos...')
#2 C:\laragon\www\skripsi\vendor\codeigniter4\framework\system\CodeIgniter.php(802): App\Controllers\Home->send_push_notif()
#3 C:\laragon\www\skripsi\vendor\codeigniter4\framework\system\CodeIgniter.php(399): CodeIgniter\CodeIgniter->runController(Object(App\Controllers\Home))
#4 C:\laragon\www\skripsi\vendor\codeigniter4\framework\system\CodeIgniter.php(317): CodeIgniter\CodeIgniter->handleRequest(NULL, Object(Config\Cache), false)
#5 C:\laragon\www\skripsi\public\index.php(37): CodeIgniter\CodeIgniter->run()
#6 C:\laragon\www\skripsi\vendor\codeigniter4\framework\system\Commands\Server\rewrite.php(43): require_once('C:\\laragon\\www\\...')
#7 {main}
CRITICAL - 2022-03-24 08:51:11 --> file_get_contents(http://localhost:9090/notif-keys/public_key.txt): failed to open stream: HTTP request failed!
#0 [internal function]: CodeIgniter\Debug\Exceptions->errorHandler(2, 'file_get_conten...', 'C:\\laragon\\www\\...', 151, Array)
#1 C:\laragon\www\skripsi\app\Controllers\Home.php(151): file_get_contents('http://localhos...')
#2 C:\laragon\www\skripsi\vendor\codeigniter4\framework\system\CodeIgniter.php(802): App\Controllers\Home->send_push_notif()
#3 C:\laragon\www\skripsi\vendor\codeigniter4\framework\system\CodeIgniter.php(399): CodeIgniter\CodeIgniter->runController(Object(App\Controllers\Home))
#4 C:\laragon\www\skripsi\vendor\codeigniter4\framework\system\CodeIgniter.php(317): CodeIgniter\CodeIgniter->handleRequest(NULL, Object(Config\Cache), false)
#5 C:\laragon\www\skripsi\public\index.php(37): CodeIgniter\CodeIgniter->run()
#6 C:\laragon\www\skripsi\vendor\codeigniter4\framework\system\Commands\Server\rewrite.php(43): require_once('C:\\laragon\\www\\...')
#7 {main}
CRITICAL - 2022-03-24 08:53:18 --> file_get_contents(http://localhost:9090/notif-keys/public_key.txt): failed to open stream: HTTP request failed!
#0 [internal function]: CodeIgniter\Debug\Exceptions->errorHandler(2, 'file_get_conten...', 'C:\\laragon\\www\\...', 151, Array)
#1 C:\laragon\www\skripsi\app\Controllers\Home.php(151): file_get_contents('http://localhos...')
#2 C:\laragon\www\skripsi\vendor\codeigniter4\framework\system\CodeIgniter.php(802): App\Controllers\Home->send_push_notif()
#3 C:\laragon\www\skripsi\vendor\codeigniter4\framework\system\CodeIgniter.php(399): CodeIgniter\CodeIgniter->runController(Object(App\Controllers\Home))
#4 C:\laragon\www\skripsi\vendor\codeigniter4\framework\system\CodeIgniter.php(317): CodeIgniter\CodeIgniter->handleRequest(NULL, Object(Config\Cache), false)
#5 C:\laragon\www\skripsi\public\index.php(37): CodeIgniter\CodeIgniter->run()
#6 C:\laragon\www\skripsi\vendor\codeigniter4\framework\system\Commands\Server\rewrite.php(43): require_once('C:\\laragon\\www\\...')
#7 {main}
CRITICAL - 2022-03-24 08:55:07 --> file_get_contents(http://localhost:9090/notif-keys/public_key.txt): failed to open stream: HTTP request failed!
#0 [internal function]: CodeIgniter\Debug\Exceptions->errorHandler(2, 'file_get_conten...', 'C:\\laragon\\www\\...', 151, Array)
#1 C:\laragon\www\skripsi\app\Controllers\Home.php(151): file_get_contents('http://localhos...')
#2 C:\laragon\www\skripsi\vendor\codeigniter4\framework\system\CodeIgniter.php(802): App\Controllers\Home->send_push_notif()
#3 C:\laragon\www\skripsi\vendor\codeigniter4\framework\system\CodeIgniter.php(399): CodeIgniter\CodeIgniter->runController(Object(App\Controllers\Home))
#4 C:\laragon\www\skripsi\vendor\codeigniter4\framework\system\CodeIgniter.php(317): CodeIgniter\CodeIgniter->handleRequest(NULL, Object(Config\Cache), false)
#5 C:\laragon\www\skripsi\public\index.php(37): CodeIgniter\CodeIgniter->run()
#6 C:\laragon\www\skripsi\vendor\codeigniter4\framework\system\Commands\Server\rewrite.php(43): require_once('C:\\laragon\\www\\...')
#7 {main}
CRITICAL - 2022-03-24 08:59:57 --> Invalid argument supplied for foreach()
#0 C:\laragon\www\skripsi\app\Controllers\Home.php(179): CodeIgniter\Debug\Exceptions->errorHandler(2, 'Invalid argumen...', 'C:\\laragon\\www\\...', 179, Array)
#1 C:\laragon\www\skripsi\vendor\codeigniter4\framework\system\CodeIgniter.php(802): App\Controllers\Home->send_push_notif()
#2 C:\laragon\www\skripsi\vendor\codeigniter4\framework\system\CodeIgniter.php(399): CodeIgniter\CodeIgniter->runController(Object(App\Controllers\Home))
#3 C:\laragon\www\skripsi\vendor\codeigniter4\framework\system\CodeIgniter.php(317): CodeIgniter\CodeIgniter->handleRequest(NULL, Object(Config\Cache), false)
#4 C:\laragon\www\skripsi\public\index.php(37): CodeIgniter\CodeIgniter->run()
#5 C:\laragon\www\skripsi\vendor\codeigniter4\framework\system\Commands\Server\rewrite.php(43): require_once('C:\\laragon\\www\\...')
#6 {main}
CRITICAL - 2022-03-24 09:00:02 --> Invalid argument supplied for foreach()
#0 C:\laragon\www\skripsi\app\Controllers\Home.php(179): CodeIgniter\Debug\Exceptions->errorHandler(2, 'Invalid argumen...', 'C:\\laragon\\www\\...', 179, Array)
#1 C:\laragon\www\skripsi\vendor\codeigniter4\framework\system\CodeIgniter.php(802): App\Controllers\Home->send_push_notif()
#2 C:\laragon\www\skripsi\vendor\codeigniter4\framework\system\CodeIgniter.php(399): CodeIgniter\CodeIgniter->runController(Object(App\Controllers\Home))
#3 C:\laragon\www\skripsi\vendor\codeigniter4\framework\system\CodeIgniter.php(317): CodeIgniter\CodeIgniter->handleRequest(NULL, Object(Config\Cache), false)
#4 C:\laragon\www\skripsi\public\index.php(37): CodeIgniter\CodeIgniter->run()
#5 C:\laragon\www\skripsi\vendor\codeigniter4\framework\system\Commands\Server\rewrite.php(43): require_once('C:\\laragon\\www\\...')
#6 {main}
CRITICAL - 2022-03-24 09:00:18 --> Invalid argument supplied for foreach()
#0 C:\laragon\www\skripsi\app\Controllers\Home.php(179): CodeIgniter\Debug\Exceptions->errorHandler(2, 'Invalid argumen...', 'C:\\laragon\\www\\...', 179, Array)
#1 C:\laragon\www\skripsi\vendor\codeigniter4\framework\system\CodeIgniter.php(802): App\Controllers\Home->send_push_notif()
#2 C:\laragon\www\skripsi\vendor\codeigniter4\framework\system\CodeIgniter.php(399): CodeIgniter\CodeIgniter->runController(Object(App\Controllers\Home))
#3 C:\laragon\www\skripsi\vendor\codeigniter4\framework\system\CodeIgniter.php(317): CodeIgniter\CodeIgniter->handleRequest(NULL, Object(Config\Cache), false)
#4 C:\laragon\www\skripsi\public\index.php(37): CodeIgniter\CodeIgniter->run()
#5 C:\laragon\www\skripsi\vendor\codeigniter4\framework\system\Commands\Server\rewrite.php(43): require_once('C:\\laragon\\www\\...')
#6 {main}
CRITICAL - 2022-03-24 09:03:26 --> Invalid argument supplied for foreach()
#0 C:\laragon\www\skripsi\app\Controllers\Home.php(179): CodeIgniter\Debug\Exceptions->errorHandler(2, 'Invalid argumen...', 'C:\\laragon\\www\\...', 179, Array)
#1 C:\laragon\www\skripsi\vendor\codeigniter4\framework\system\CodeIgniter.php(802): App\Controllers\Home->send_push_notif()
#2 C:\laragon\www\skripsi\vendor\codeigniter4\framework\system\CodeIgniter.php(399): CodeIgniter\CodeIgniter->runController(Object(App\Controllers\Home))
#3 C:\laragon\www\skripsi\vendor\codeigniter4\framework\system\CodeIgniter.php(317): CodeIgniter\CodeIgniter->handleRequest(NULL, Object(Config\Cache), false)
#4 C:\laragon\www\skripsi\public\index.php(37): CodeIgniter\CodeIgniter->run()
#5 C:\laragon\www\skripsi\vendor\codeigniter4\framework\system\Commands\Server\rewrite.php(43): require_once('C:\\laragon\\www\\...')
#6 {main}
CRITICAL - 2022-03-24 09:04:07 --> Invalid argument supplied for foreach()
#0 C:\laragon\www\skripsi\app\Controllers\Home.php(179): CodeIgniter\Debug\Exceptions->errorHandler(2, 'Invalid argumen...', 'C:\\laragon\\www\\...', 179, Array)
#1 C:\laragon\www\skripsi\vendor\codeigniter4\framework\system\CodeIgniter.php(802): App\Controllers\Home->send_push_notif()
#2 C:\laragon\www\skripsi\vendor\codeigniter4\framework\system\CodeIgniter.php(399): CodeIgniter\CodeIgniter->runController(Object(App\Controllers\Home))
#3 C:\laragon\www\skripsi\vendor\codeigniter4\framework\system\CodeIgniter.php(317): CodeIgniter\CodeIgniter->handleRequest(NULL, Object(Config\Cache), false)
#4 C:\laragon\www\skripsi\public\index.php(37): CodeIgniter\CodeIgniter->run()
#5 C:\laragon\www\skripsi\vendor\codeigniter4\framework\system\Commands\Server\rewrite.php(43): require_once('C:\\laragon\\www\\...')
#6 {main}
CRITICAL - 2022-03-24 09:04:13 --> Invalid argument supplied for foreach()
#0 C:\laragon\www\skripsi\app\Controllers\Home.php(179): CodeIgniter\Debug\Exceptions->errorHandler(2, 'Invalid argumen...', 'C:\\laragon\\www\\...', 179, Array)
#1 C:\laragon\www\skripsi\vendor\codeigniter4\framework\system\CodeIgniter.php(802): App\Controllers\Home->send_push_notif()
#2 C:\laragon\www\skripsi\vendor\codeigniter4\framework\system\CodeIgniter.php(399): CodeIgniter\CodeIgniter->runController(Object(App\Controllers\Home))
#3 C:\laragon\www\skripsi\vendor\codeigniter4\framework\system\CodeIgniter.php(317): CodeIgniter\CodeIgniter->handleRequest(NULL, Object(Config\Cache), false)
#4 C:\laragon\www\skripsi\public\index.php(37): CodeIgniter\CodeIgniter->run()
#5 C:\laragon\www\skripsi\vendor\codeigniter4\framework\system\Commands\Server\rewrite.php(43): require_once('C:\\laragon\\www\\...')
#6 {main}
CRITICAL - 2022-03-24 09:07:15 --> file_get_contents(http://localhost:9090/notif-keys/public_key.txt): failed to open stream: HTTP request failed!
#0 [internal function]: CodeIgniter\Debug\Exceptions->errorHandler(2, 'file_get_conten...', 'C:\\laragon\\www\\...', 199, Array)
#1 C:\laragon\www\skripsi\app\Controllers\Home.php(199): file_get_contents('http://localhos...')
#2 C:\laragon\www\skripsi\vendor\codeigniter4\framework\system\CodeIgniter.php(802): App\Controllers\Home->send_push_notif()
#3 C:\laragon\www\skripsi\vendor\codeigniter4\framework\system\CodeIgniter.php(399): CodeIgniter\CodeIgniter->runController(Object(App\Controllers\Home))
#4 C:\laragon\www\skripsi\vendor\codeigniter4\framework\system\CodeIgniter.php(317): CodeIgniter\CodeIgniter->handleRequest(NULL, Object(Config\Cache), false)
#5 C:\laragon\www\skripsi\public\index.php(37): CodeIgniter\CodeIgniter->run()
#6 C:\laragon\www\skripsi\vendor\codeigniter4\framework\system\Commands\Server\rewrite.php(43): require_once('C:\\laragon\\www\\...')
#7 {main}
CRITICAL - 2022-03-24 09:35:25 --> file_get_contents(http://localhost:9090/notif-keys/public_key.txt): failed to open stream: HTTP request failed!
#0 [internal function]: CodeIgniter\Debug\Exceptions->errorHandler(2, 'file_get_conten...', 'C:\\laragon\\www\\...', 199, Array)
#1 C:\laragon\www\skripsi\app\Controllers\Home.php(199): file_get_contents('http://localhos...')
#2 C:\laragon\www\skripsi\vendor\codeigniter4\framework\system\CodeIgniter.php(802): App\Controllers\Home->send_push_notif()
#3 C:\laragon\www\skripsi\vendor\codeigniter4\framework\system\CodeIgniter.php(399): CodeIgniter\CodeIgniter->runController(Object(App\Controllers\Home))
#4 C:\laragon\www\skripsi\vendor\codeigniter4\framework\system\CodeIgniter.php(317): CodeIgniter\CodeIgniter->handleRequest(NULL, Object(Config\Cache), false)
#5 C:\laragon\www\skripsi\public\index.php(37): CodeIgniter\CodeIgniter->run()
#6 C:\laragon\www\skripsi\vendor\codeigniter4\framework\system\Commands\Server\rewrite.php(43): require_once('C:\\laragon\\www\\...')
#7 {main}
CRITICAL - 2022-03-24 09:57:57 --> file_get_contents(http://localhost:9090/notif-keys/public_key.txt): failed to open stream: HTTP request failed!
#0 [internal function]: CodeIgniter\Debug\Exceptions->errorHandler(2, 'file_get_conten...', 'C:\\laragon\\www\\...', 199, Array)
#1 C:\laragon\www\skripsi\app\Controllers\Home.php(199): file_get_contents('http://localhos...')
#2 C:\laragon\www\skripsi\vendor\codeigniter4\framework\system\CodeIgniter.php(802): App\Controllers\Home->send_push_notif()
#3 C:\laragon\www\skripsi\vendor\codeigniter4\framework\system\CodeIgniter.php(399): CodeIgniter\CodeIgniter->runController(Object(App\Controllers\Home))
#4 C:\laragon\www\skripsi\vendor\codeigniter4\framework\system\CodeIgniter.php(317): CodeIgniter\CodeIgniter->handleRequest(NULL, Object(Config\Cache), false)
#5 C:\laragon\www\skripsi\public\index.php(37): CodeIgniter\CodeIgniter->run()
#6 C:\laragon\www\skripsi\vendor\codeigniter4\framework\system\Commands\Server\rewrite.php(43): require_once('C:\\laragon\\www\\...')
#7 {main}
CRITICAL - 2022-03-24 09:58:59 --> file_get_contents(http://localhost:9090/notif-keys/public_key.txt): failed to open stream: HTTP request failed!
#0 [internal function]: CodeIgniter\Debug\Exceptions->errorHandler(2, 'file_get_conten...', 'C:\\laragon\\www\\...', 199, Array)
#1 C:\laragon\www\skripsi\app\Controllers\Home.php(199): file_get_contents('http://localhos...')
#2 C:\laragon\www\skripsi\vendor\codeigniter4\framework\system\CodeIgniter.php(802): App\Controllers\Home->send_push_notif()
#3 C:\laragon\www\skripsi\vendor\codeigniter4\framework\system\CodeIgniter.php(399): CodeIgniter\CodeIgniter->runController(Object(App\Controllers\Home))
#4 C:\laragon\www\skripsi\vendor\codeigniter4\framework\system\CodeIgniter.php(317): CodeIgniter\CodeIgniter->handleRequest(NULL, Object(Config\Cache), false)
#5 C:\laragon\www\skripsi\public\index.php(37): CodeIgniter\CodeIgniter->run()
#6 C:\laragon\www\skripsi\vendor\codeigniter4\framework\system\Commands\Server\rewrite.php(43): require_once('C:\\laragon\\www\\...')
#7 {main}
CRITICAL - 2022-03-24 10:00:03 --> file_get_contents(http://localhost:9090/notif-keys/public_key.txt): failed to open stream: HTTP request failed!
#0 [internal function]: CodeIgniter\Debug\Exceptions->errorHandler(2, 'file_get_conten...', 'C:\\laragon\\www\\...', 199, Array)
#1 C:\laragon\www\skripsi\app\Controllers\Home.php(199): file_get_contents('http://localhos...')
#2 C:\laragon\www\skripsi\vendor\codeigniter4\framework\system\CodeIgniter.php(802): App\Controllers\Home->send_push_notif()
#3 C:\laragon\www\skripsi\vendor\codeigniter4\framework\system\CodeIgniter.php(399): CodeIgniter\CodeIgniter->runController(Object(App\Controllers\Home))
#4 C:\laragon\www\skripsi\vendor\codeigniter4\framework\system\CodeIgniter.php(317): CodeIgniter\CodeIgniter->handleRequest(NULL, Object(Config\Cache), false)
#5 C:\laragon\www\skripsi\public\index.php(37): CodeIgniter\CodeIgniter->run()
#6 C:\laragon\www\skripsi\vendor\codeigniter4\framework\system\Commands\Server\rewrite.php(43): require_once('C:\\laragon\\www\\...')
#7 {main}
CRITICAL - 2022-03-24 10:01:06 --> file_get_contents(http://localhost:9090/notif-keys/public_key.txt): failed to open stream: HTTP request failed!
#0 [internal function]: CodeIgniter\Debug\Exceptions->errorHandler(2, 'file_get_conten...', 'C:\\laragon\\www\\...', 199, Array)
#1 C:\laragon\www\skripsi\app\Controllers\Home.php(199): file_get_contents('http://localhos...')
#2 C:\laragon\www\skripsi\vendor\codeigniter4\framework\system\CodeIgniter.php(802): App\Controllers\Home->send_push_notif()
#3 C:\laragon\www\skripsi\vendor\codeigniter4\framework\system\CodeIgniter.php(399): CodeIgniter\CodeIgniter->runController(Object(App\Controllers\Home))
#4 C:\laragon\www\skripsi\vendor\codeigniter4\framework\system\CodeIgniter.php(317): CodeIgniter\CodeIgniter->handleRequest(NULL, Object(Config\Cache), false)
#5 C:\laragon\www\skripsi\public\index.php(37): CodeIgniter\CodeIgniter->run()
#6 C:\laragon\www\skripsi\vendor\codeigniter4\framework\system\Commands\Server\rewrite.php(43): require_once('C:\\laragon\\www\\...')
#7 {main}
CRITICAL - 2022-03-24 10:01:06 --> Trying to access array offset on value of type null
#0 C:\laragon\www\skripsi\app\Controllers\Pelapor\Dashboard.php(39): CodeIgniter\Debug\Exceptions->errorHandler(8, 'Trying to acces...', 'C:\\laragon\\www\\...', 39, Array)
#1 C:\laragon\www\skripsi\vendor\codeigniter4\framework\system\CodeIgniter.php(779): App\Controllers\Pelapor\Dashboard->__construct()
#2 C:\laragon\www\skripsi\vendor\codeigniter4\framework\system\CodeIgniter.php(390): CodeIgniter\CodeIgniter->createController()
#3 C:\laragon\www\skripsi\vendor\codeigniter4\framework\system\CodeIgniter.php(317): CodeIgniter\CodeIgniter->handleRequest(NULL, Object(Config\Cache), false)
#4 C:\laragon\www\skripsi\public\index.php(37): CodeIgniter\CodeIgniter->run()
#5 C:\laragon\www\skripsi\vendor\codeigniter4\framework\system\Commands\Server\rewrite.php(43): require_once('C:\\laragon\\www\\...')
#6 {main}
CRITICAL - 2022-03-24 10:04:41 --> file_get_contents(http://localhost:9090/notif-keys/public_key.txt): failed to open stream: HTTP request failed!
#0 [internal function]: CodeIgniter\Debug\Exceptions->errorHandler(2, 'file_get_conten...', 'C:\\laragon\\www\\...', 199, Array)
#1 C:\laragon\www\skripsi\app\Controllers\Home.php(199): file_get_contents('http://localhos...')
#2 C:\laragon\www\skripsi\vendor\codeigniter4\framework\system\CodeIgniter.php(802): App\Controllers\Home->send_push_notif()
#3 C:\laragon\www\skripsi\vendor\codeigniter4\framework\system\CodeIgniter.php(399): CodeIgniter\CodeIgniter->runController(Object(App\Controllers\Home))
#4 C:\laragon\www\skripsi\vendor\codeigniter4\framework\system\CodeIgniter.php(317): CodeIgniter\CodeIgniter->handleRequest(NULL, Object(Config\Cache), false)
#5 C:\laragon\www\skripsi\public\index.php(37): CodeIgniter\CodeIgniter->run()
#6 C:\laragon\www\skripsi\vendor\codeigniter4\framework\system\Commands\Server\rewrite.php(43): require_once('C:\\laragon\\www\\...')
#7 {main}
CRITICAL - 2022-03-24 10:07:30 --> file_get_contents(http://localhost:9090/notif-keys/public_key.txt): failed to open stream: HTTP request failed!
#0 [internal function]: CodeIgniter\Debug\Exceptions->errorHandler(2, 'file_get_conten...', 'C:\\laragon\\www\\...', 199, Array)
#1 C:\laragon\www\skripsi\app\Controllers\Home.php(199): file_get_contents('http://localhos...')
#2 C:\laragon\www\skripsi\vendor\codeigniter4\framework\system\CodeIgniter.php(802): App\Controllers\Home->send_push_notif()
#3 C:\laragon\www\skripsi\vendor\codeigniter4\framework\system\CodeIgniter.php(399): CodeIgniter\CodeIgniter->runController(Object(App\Controllers\Home))
#4 C:\laragon\www\skripsi\vendor\codeigniter4\framework\system\CodeIgniter.php(317): CodeIgniter\CodeIgniter->handleRequest(NULL, Object(Config\Cache), false)
#5 C:\laragon\www\skripsi\public\index.php(37): CodeIgniter\CodeIgniter->run()
#6 C:\laragon\www\skripsi\vendor\codeigniter4\framework\system\Commands\Server\rewrite.php(43): require_once('C:\\laragon\\www\\...')
#7 {main}
CRITICAL - 2022-03-24 10:08:46 --> file_get_contents(http://localhost:9090/notif-keys/public_key.txt): failed to open stream: HTTP request failed!
#0 [internal function]: CodeIgniter\Debug\Exceptions->errorHandler(2, 'file_get_conten...', 'C:\\laragon\\www\\...', 199, Array)
#1 C:\laragon\www\skripsi\app\Controllers\Home.php(199): file_get_contents('http://localhos...')
#2 C:\laragon\www\skripsi\vendor\codeigniter4\framework\system\CodeIgniter.php(802): App\Controllers\Home->send_push_notif()
#3 C:\laragon\www\skripsi\vendor\codeigniter4\framework\system\CodeIgniter.php(399): CodeIgniter\CodeIgniter->runController(Object(App\Controllers\Home))
#4 C:\laragon\www\skripsi\vendor\codeigniter4\framework\system\CodeIgniter.php(317): CodeIgniter\CodeIgniter->handleRequest(NULL, Object(Config\Cache), false)
#5 C:\laragon\www\skripsi\public\index.php(37): CodeIgniter\CodeIgniter->run()
#6 C:\laragon\www\skripsi\vendor\codeigniter4\framework\system\Commands\Server\rewrite.php(43): require_once('C:\\laragon\\www\\...')
#7 {main}
CRITICAL - 2022-03-24 10:15:41 --> file_get_contents(http://localhost:9090/notif-keys/public_key.txt): failed to open stream: HTTP request failed!
#0 [internal function]: CodeIgniter\Debug\Exceptions->errorHandler(2, 'file_get_conten...', 'C:\\laragon\\www\\...', 199, Array)
#1 C:\laragon\www\skripsi\app\Controllers\Home.php(199): file_get_contents('http://localhos...')
#2 C:\laragon\www\skripsi\vendor\codeigniter4\framework\system\CodeIgniter.php(802): App\Controllers\Home->send_push_notif()
#3 C:\laragon\www\skripsi\vendor\codeigniter4\framework\system\CodeIgniter.php(399): CodeIgniter\CodeIgniter->runController(Object(App\Controllers\Home))
#4 C:\laragon\www\skripsi\vendor\codeigniter4\framework\system\CodeIgniter.php(317): CodeIgniter\CodeIgniter->handleRequest(NULL, Object(Config\Cache), false)
#5 C:\laragon\www\skripsi\public\index.php(37): CodeIgniter\CodeIgniter->run()
#6 C:\laragon\www\skripsi\vendor\codeigniter4\framework\system\Commands\Server\rewrite.php(43): require_once('C:\\laragon\\www\\...')
#7 {main}
CRITICAL - 2022-03-24 14:46:59 --> file_get_contents(http://localhost:9090/notif-keys/public_key.txt): failed to open stream: HTTP request failed!
#0 [internal function]: CodeIgniter\Debug\Exceptions->errorHandler(2, 'file_get_conten...', 'C:\\laragon\\www\\...', 153, Array)
#1 C:\laragon\www\skripsi\app\Controllers\Home.php(153): file_get_contents('http://localhos...')
#2 C:\laragon\www\skripsi\vendor\codeigniter4\framework\system\CodeIgniter.php(802): App\Controllers\Home->send_push_notif()
#3 C:\laragon\www\skripsi\vendor\codeigniter4\framework\system\CodeIgniter.php(399): CodeIgniter\CodeIgniter->runController(Object(App\Controllers\Home))
#4 C:\laragon\www\skripsi\vendor\codeigniter4\framework\system\CodeIgniter.php(317): CodeIgniter\CodeIgniter->handleRequest(NULL, Object(Config\Cache), false)
#5 C:\laragon\www\skripsi\public\index.php(37): CodeIgniter\CodeIgniter->run()
#6 C:\laragon\www\skripsi\vendor\codeigniter4\framework\system\Commands\Server\rewrite.php(43): require_once('C:\\laragon\\www\\...')
#7 {main}
CRITICAL - 2022-03-24 14:48:29 --> file_get_contents(http://localhost:9090/notif-keys/public_key.txt): failed to open stream: HTTP request failed!
#0 [internal function]: CodeIgniter\Debug\Exceptions->errorHandler(2, 'file_get_conten...', 'C:\\laragon\\www\\...', 153, Array)
#1 C:\laragon\www\skripsi\app\Controllers\Home.php(153): file_get_contents('http://localhos...')
#2 C:\laragon\www\skripsi\vendor\codeigniter4\framework\system\CodeIgniter.php(802): App\Controllers\Home->send_push_notif()
#3 C:\laragon\www\skripsi\vendor\codeigniter4\framework\system\CodeIgniter.php(399): CodeIgniter\CodeIgniter->runController(Object(App\Controllers\Home))
#4 C:\laragon\www\skripsi\vendor\codeigniter4\framework\system\CodeIgniter.php(317): CodeIgniter\CodeIgniter->handleRequest(NULL, Object(Config\Cache), false)
#5 C:\laragon\www\skripsi\public\index.php(37): CodeIgniter\CodeIgniter->run()
#6 C:\laragon\www\skripsi\vendor\codeigniter4\framework\system\Commands\Server\rewrite.php(43): require_once('C:\\laragon\\www\\...')
#7 {main}
CRITICAL - 2022-03-24 14:58:07 --> file_get_contents(http://localhost:9090/notif-keys/public_key.txt): failed to open stream: HTTP request failed!
#0 [internal function]: CodeIgniter\Debug\Exceptions->errorHandler(2, 'file_get_conten...', 'C:\\laragon\\www\\...', 153, Array)
#1 C:\laragon\www\skripsi\app\Controllers\Home.php(153): file_get_contents('http://localhos...')
#2 C:\laragon\www\skripsi\vendor\codeigniter4\framework\system\CodeIgniter.php(802): App\Controllers\Home->send_push_notif()
#3 C:\laragon\www\skripsi\vendor\codeigniter4\framework\system\CodeIgniter.php(399): CodeIgniter\CodeIgniter->runController(Object(App\Controllers\Home))
#4 C:\laragon\www\skripsi\vendor\codeigniter4\framework\system\CodeIgniter.php(317): CodeIgniter\CodeIgniter->handleRequest(NULL, Object(Config\Cache), false)
#5 C:\laragon\www\skripsi\public\index.php(37): CodeIgniter\CodeIgniter->run()
#6 C:\laragon\www\skripsi\vendor\codeigniter4\framework\system\Commands\Server\rewrite.php(43): require_once('C:\\laragon\\www\\...')
#7 {main}
