CRITICAL - 2021-11-07 10:52:01 --> App\Controllers\Pelapor\Login::index(): Failed opening required 'C:\laragon\www\skripsi\app\Libraries/vendor/autoload.php' (include_path='.;C:/laragon/etc/php/pear')
#0 [internal function]: CodeIgniter\Debug\Exceptions->shutdownHandler()
#1 {main}
CRITICAL - 2021-11-07 11:14:47 --> App\Controllers\Pelapor\Login::index(): Failed opening required 'C:\laragon\www\skripsi\app\Libraries/vendor/autoload.php' (include_path='.;C:/laragon/etc/php/pear')
#0 [internal function]: CodeIgniter\Debug\Exceptions->shutdownHandler()
#1 {main}
CRITICAL - 2021-11-07 11:28:16 --> Invalid file: pelapor/laporan/views.php
#0 C:\laragon\www\skripsi\vendor\codeigniter4\framework\system\View\View.php(198): CodeIgniter\Exceptions\FrameworkException::forInvalidFile('pelapor/laporan...')
#1 C:\laragon\www\skripsi\vendor\codeigniter4\framework\system\Common.php(1092): CodeIgniter\View\View->render('pelapor/laporan...', Array, true)
#2 C:\laragon\www\skripsi\app\Controllers\Pelapor\Login.php(148): view('pelapor/laporan...', Array)
#3 C:\laragon\www\skripsi\vendor\codeigniter4\framework\system\CodeIgniter.php(802): App\Controllers\Pelapor\Login->index()
#4 C:\laragon\www\skripsi\vendor\codeigniter4\framework\system\CodeIgniter.php(399): CodeIgniter\CodeIgniter->runController(Object(App\Controllers\Pelapor\Login))
#5 C:\laragon\www\skripsi\vendor\codeigniter4\framework\system\CodeIgniter.php(317): CodeIgniter\CodeIgniter->handleRequest(NULL, Object(Config\Cache), false)
#6 C:\laragon\www\skripsi\public\index.php(37): CodeIgniter\CodeIgniter->run()
#7 C:\laragon\www\skripsi\vendor\codeigniter4\framework\system\Commands\Server\rewrite.php(43): require_once('C:\\laragon\\www\\...')
#8 {main}
CRITICAL - 2021-11-07 11:29:20 --> Undefined variable: user_nama_lengkap
#0 C:\laragon\www\skripsi\app\Views\layout\template.php(137): CodeIgniter\Debug\Exceptions->errorHandler(8, 'Undefined varia...', 'C:\\laragon\\www\\...', 137, Array)
#1 C:\laragon\www\skripsi\vendor\codeigniter4\framework\system\View\View.php(214): include('C:\\laragon\\www\\...')
#2 C:\laragon\www\skripsi\vendor\codeigniter4\framework\system\View\View.php(217): CodeIgniter\View\View->CodeIgniter\View\{closure}()
#3 C:\laragon\www\skripsi\vendor\codeigniter4\framework\system\View\View.php(230): CodeIgniter\View\View->render('layout/template', Array, true)
#4 C:\laragon\www\skripsi\vendor\codeigniter4\framework\system\Common.php(1092): CodeIgniter\View\View->render('pelapor/dashboa...', Array, true)
#5 C:\laragon\www\skripsi\app\Controllers\Pelapor\Login.php(148): view('pelapor/dashboa...', Array)
#6 C:\laragon\www\skripsi\vendor\codeigniter4\framework\system\CodeIgniter.php(802): App\Controllers\Pelapor\Login->index()
#7 C:\laragon\www\skripsi\vendor\codeigniter4\framework\system\CodeIgniter.php(399): CodeIgniter\CodeIgniter->runController(Object(App\Controllers\Pelapor\Login))
#8 C:\laragon\www\skripsi\vendor\codeigniter4\framework\system\CodeIgniter.php(317): CodeIgniter\CodeIgniter->handleRequest(NULL, Object(Config\Cache), false)
#9 C:\laragon\www\skripsi\public\index.php(37): CodeIgniter\CodeIgniter->run()
#10 C:\laragon\www\skripsi\vendor\codeigniter4\framework\system\Commands\Server\rewrite.php(43): require_once('C:\\laragon\\www\\...')
#11 {main}
CRITICAL - 2021-11-07 11:29:43 --> Undefined variable: user_nama_lengkap
#0 C:\laragon\www\skripsi\app\Views\layout\template.php(137): CodeIgniter\Debug\Exceptions->errorHandler(8, 'Undefined varia...', 'C:\\laragon\\www\\...', 137, Array)
#1 C:\laragon\www\skripsi\vendor\codeigniter4\framework\system\View\View.php(214): include('C:\\laragon\\www\\...')
#2 C:\laragon\www\skripsi\vendor\codeigniter4\framework\system\View\View.php(217): CodeIgniter\View\View->CodeIgniter\View\{closure}()
#3 C:\laragon\www\skripsi\vendor\codeigniter4\framework\system\View\View.php(230): CodeIgniter\View\View->render('layout/template', Array, true)
#4 C:\laragon\www\skripsi\vendor\codeigniter4\framework\system\Common.php(1092): CodeIgniter\View\View->render('pelapor/dashboa...', Array, true)
#5 C:\laragon\www\skripsi\app\Controllers\Pelapor\Login.php(148): view('pelapor/dashboa...', Array)
#6 C:\laragon\www\skripsi\vendor\codeigniter4\framework\system\CodeIgniter.php(802): App\Controllers\Pelapor\Login->index()
#7 C:\laragon\www\skripsi\vendor\codeigniter4\framework\system\CodeIgniter.php(399): CodeIgniter\CodeIgniter->runController(Object(App\Controllers\Pelapor\Login))
#8 C:\laragon\www\skripsi\vendor\codeigniter4\framework\system\CodeIgniter.php(317): CodeIgniter\CodeIgniter->handleRequest(NULL, Object(Config\Cache), false)
#9 C:\laragon\www\skripsi\public\index.php(37): CodeIgniter\CodeIgniter->run()
#10 C:\laragon\www\skripsi\vendor\codeigniter4\framework\system\Commands\Server\rewrite.php(43): require_once('C:\\laragon\\www\\...')
#11 {main}
